#
# There is insufficient memory for the Java Runtime Environment to continue.
# Native memory allocation (malloc) failed to allocate 695536 bytes. Error detail: Chunk::new
# Possible reasons:
#   The system is out of physical RAM or swap space
#   This process is running with CompressedOops enabled, and the Java Heap may be blocking the growth of the native heap
# Possible solutions:
#   Reduce memory load on the system
#   Increase physical memory or swap space
#   Check if swap backing store is full
#   Decrease Java heap size (-Xmx/-Xms)
#   Decrease number of Java threads
#   Decrease Java thread stack sizes (-Xss)
#   Set larger code cache with -XX:ReservedCodeCacheSize=
#   JVM is running with Unscaled Compressed Oops mode in which the Java heap is
#     placed in the first 4GB address space. The Java Heap base address is the
#     maximum limit for the native heap growth. Please use -XX:HeapBaseMinAddress
#     to set the Java Heap base and to place the Java Heap above 4GB virtual address.
# This output file may be truncated or incomplete.
#
#  Out of Memory Error (arena.cpp:168), pid=24376, tid=20824
#
# JRE version: OpenJDK Runtime Environment Temurin-21.0.7+6 (21.0.7+6) (build 21.0.7+6-LTS)
# Java VM: OpenJDK 64-Bit Server VM Temurin-21.0.7+6 (21.0.7+6-LTS, mixed mode, sharing, tiered, compressed oops, compressed class ptrs, parallel gc, windows-amd64)
# No core dump will be written. Minidumps are not enabled by default on client versions of Windows
#

---------------  S U M M A R Y ------------

Command Line: --add-modules=ALL-SYSTEM --add-opens=java.base/java.util=ALL-UNNAMED --add-opens=java.base/java.lang=ALL-UNNAMED --add-opens=java.base/sun.nio.fs=ALL-UNNAMED -Declipse.application=org.eclipse.jdt.ls.core.id1 -Dosgi.bundles.defaultStartLevel=4 -Declipse.product=org.eclipse.jdt.ls.core.product -Djava.import.generatesMetadataFilesAtProjectRoot=false -DDetectVMInstallationsJob.disabled=true -Dfile.encoding=utf8 -XX:+UseParallelGC -XX:GCTimeRatio=4 -XX:AdaptiveSizePolicyWeight=90 -Dsun.zip.disableMemoryMapping=true -Xmx1G -Xms100m -Xlog:disable -javaagent:c:\Users\saran\.vscode\extensions\redhat.java-1.42.0-win32-x64\lombok\lombok-1.18.36.jar -XX:+HeapDumpOnOutOfMemoryError -XX:HeapDumpPath=c:\Users\saran\AppData\Roaming\Code\User\workspaceStorage\4ac2d57bae7510eca3660814858d084f\redhat.java -Daether.dependencyCollector.impl=bf c:\Users\saran\.vscode\extensions\redhat.java-1.42.0-win32-x64\server\plugins\org.eclipse.equinox.launcher_1.7.0.v20250424-1814.jar -configuration c:\Users\saran\AppData\Roaming\Code\User\globalStorage\redhat.java\1.42.0\config_win -data c:\Users\saran\AppData\Roaming\Code\User\workspaceStorage\4ac2d57bae7510eca3660814858d084f\redhat.java\jdt_ws --pipe=\\.\pipe\lsp-0ff899c98b99f82b6dfc2c126347b7d1-sock

Host: 12th Gen Intel(R) Core(TM) i5-1240P, 16 cores, 15G,  Windows 11 , 64 bit Build 26100 (10.0.26100.4202)
Time: Sat Jun  7 18:41:59 2025 India Standard Time elapsed time: 159.823780 seconds (0d 0h 2m 39s)

---------------  T H R E A D  ---------------

Current thread (0x000001c1f54ed3d0):  JavaThread "C2 CompilerThread1" daemon [_thread_in_native, id=20824, stack(0x00000070d3400000,0x00000070d3500000) (1024K)]


Current CompileTask:
C2:159823 18594       4       sun.security.provider.AbstractDrbg::engineNextBytes (15 bytes)

Stack: [0x00000070d3400000,0x00000070d3500000]
Native frames: (J=compiled Java code, j=interpreted, Vv=VM code, C=native code)
V  [jvm.dll+0x6ce119]
V  [jvm.dll+0x8a84a1]
V  [jvm.dll+0x8aa9ce]
V  [jvm.dll+0x8ab0b3]
V  [jvm.dll+0x27f8a6]
V  [jvm.dll+0xc507d]
V  [jvm.dll+0xc55b3]
V  [jvm.dll+0x3b68f2]
V  [jvm.dll+0x382aa5]
V  [jvm.dll+0x381f0a]
V  [jvm.dll+0x247af0]
V  [jvm.dll+0x2470cf]
V  [jvm.dll+0x1c760e]
V  [jvm.dll+0x25695a]
V  [jvm.dll+0x254efa]
V  [jvm.dll+0x3f03f6]
V  [jvm.dll+0x851f6b]
V  [jvm.dll+0x6cc7dd]
C  [ucrtbase.dll+0x37b0]
C  [KERNEL32.DLL+0x2e8d7]
C  [ntdll.dll+0x3c34c]


---------------  P R O C E S S  ---------------

Threads class SMR info:
_java_thread_list=0x000001c1fc979c70, length=133, elements={
0x000001c1d97c0f10, 0x000001c1edbadc30, 0x000001c1d9862f70, 0x000001c1d9868930,
0x000001c1d98696b0, 0x000001c1d986b3d0, 0x000001c1d9871300, 0x000001c1d9873ec0,
0x000001c1d987e1b0, 0x000001c1ef212650, 0x000001c1f502dce0, 0x000001c1f5a6d6a0,
0x000001c1f5a6dd30, 0x000001c1f5a6e3c0, 0x000001c1f5a6af40, 0x000001c1f5a6b5d0,
0x000001c1f5a6c980, 0x000001c1f5a6c2f0, 0x000001c1f5a6bc60, 0x000001c1f611a7c0,
0x000001c1f6119aa0, 0x000001c1f611b4e0, 0x000001c1f6119410, 0x000001c1f611a130,
0x000001c1f6118060, 0x000001c1f611ae50, 0x000001c1f61186f0, 0x000001c1f6ed4450,
0x000001c1f6ed0fd0, 0x000001c1f6ed2a10, 0x000001c1f6ed1cf0, 0x000001c1f6ed1660,
0x000001c1f6ed5170, 0x000001c1f6ed3dc0, 0x000001c1f6ed3730, 0x000001c1f6ed4ae0,
0x000001c1f6ed5800, 0x000001c1f6ed30a0, 0x000001c1f6ed2380, 0x000001c1f6ed7240,
0x000001c1f6ed6bb0, 0x000001c1f6ed85f0, 0x000001c1f6ed5e90, 0x000001c1f620d130,
0x000001c1f620b6f0, 0x000001c1f620bd80, 0x000001c1f620c410, 0x000001c1f620caa0,
0x000001c1fcbc1a10, 0x000001c1fcbbf940, 0x000001c1f5a6d010, 0x000001c1f7dc6a90,
0x000001c1f7dc77b0, 0x000001c1f7dca5a0, 0x000001c1f7dc7120, 0x000001c1f7dc7e40,
0x000001c1f7dc9f10, 0x000001c1f7dc9880, 0x000001c1f7dc8b60, 0x000001c1f7dc84d0,
0x000001c1f7dcb2c0, 0x000001c1f7dcc670, 0x000001c1f7dc91f0, 0x000001c1f7dcbfe0,
0x000001c1f7dcac30, 0x000001c1f7dce0b0, 0x000001c1f7dcd390, 0x000001c1f7dcda20,
0x000001c1fc9d0eb0, 0x000001c1fc9d0190, 0x000001c1fc9cede0, 0x000001c1fc9cf470,
0x000001c1fc9ce750, 0x000001c1fc9cfb00, 0x000001c1fc9d0820, 0x000001c1fc9cda30,
0x000001c1fc9ce0c0, 0x000001c1f5bc0330, 0x000001c1f5bbef80, 0x000001c1f5bc09c0,
0x000001c1f5bbdbd0, 0x000001c1f5bc1050, 0x000001c1f5bc16e0, 0x000001c1f5bbe260,
0x000001c1f5bc1d70, 0x000001c1f5bbfca0, 0x000001c1f5bbe8f0, 0x000001c1f6ed7f60,
0x000001c1f822ca40, 0x000001c1f822d760, 0x000001c1f822f1a0, 0x000001c1f822fec0,
0x000001c1f822eb10, 0x000001c1f8230550, 0x000001c1f8231270, 0x000001c1f822ddf0,
0x000001c1f8231900, 0x000001c1f8232620, 0x000001c1f8233340, 0x000001c1f82339d0,
0x000001c1fcbc1380, 0x000001c1fcbc2730, 0x000001c1fcbc0660, 0x000001c1f5bc3120,
0x000001c1f5bc3e40, 0x000001c1f7dccd00, 0x000001c1f620b060, 0x000001c1fc767b60,
0x000001c1fc76a2c0, 0x000001c1fc76a950, 0x000001c1fc7681f0, 0x000001c1fc7695a0,
0x000001c1fa47ab90, 0x000001c1fa47fd50, 0x000001c1f974e990, 0x000001c1fc769c30,
0x000001c1fc76b670, 0x000001c1fc76bd00, 0x000001c1fc768880, 0x000001c1fc76f180,
0x000001c1fc76c390, 0x000001c1fc76d0b0, 0x000001c1fc76ca20, 0x000001c1fc76e460,
0x000001c1fc76ddd0, 0x000001c1fc76d740, 0x000001c1fc76eaf0, 0x000001c1f822f830,
0x000001c1f822e480, 0x000001c1f7dcb950, 0x000001c1f54ed3d0, 0x000001c1f54ee840,
0x000001c1f54edaa0
}

Java Threads: ( => current thread )
  0x000001c1d97c0f10 JavaThread "main"                              [_thread_blocked, id=23348, stack(0x00000070d0f00000,0x00000070d1000000) (1024K)]
  0x000001c1edbadc30 JavaThread "Reference Handler"          daemon [_thread_blocked, id=11792, stack(0x00000070d1300000,0x00000070d1400000) (1024K)]
  0x000001c1d9862f70 JavaThread "Finalizer"                  daemon [_thread_blocked, id=24200, stack(0x00000070d1400000,0x00000070d1500000) (1024K)]
  0x000001c1d9868930 JavaThread "Signal Dispatcher"          daemon [_thread_blocked, id=24100, stack(0x00000070d1500000,0x00000070d1600000) (1024K)]
  0x000001c1d98696b0 JavaThread "Attach Listener"            daemon [_thread_blocked, id=18456, stack(0x00000070d1600000,0x00000070d1700000) (1024K)]
  0x000001c1d986b3d0 JavaThread "Service Thread"             daemon [_thread_blocked, id=23288, stack(0x00000070d1700000,0x00000070d1800000) (1024K)]
  0x000001c1d9871300 JavaThread "Monitor Deflation Thread"   daemon [_thread_blocked, id=22904, stack(0x00000070d1800000,0x00000070d1900000) (1024K)]
  0x000001c1d9873ec0 JavaThread "C2 CompilerThread0"         daemon [_thread_in_native, id=14812, stack(0x00000070d1900000,0x00000070d1a00000) (1024K)]
  0x000001c1d987e1b0 JavaThread "C1 CompilerThread0"         daemon [_thread_blocked, id=23772, stack(0x00000070d1a00000,0x00000070d1b00000) (1024K)]
  0x000001c1ef212650 JavaThread "Common-Cleaner"             daemon [_thread_blocked, id=16940, stack(0x00000070d1c00000,0x00000070d1d00000) (1024K)]
  0x000001c1f502dce0 JavaThread "Notification Thread"        daemon [_thread_blocked, id=24904, stack(0x00000070d2000000,0x00000070d2100000) (1024K)]
  0x000001c1f5a6d6a0 JavaThread "Active Thread: Equinox Container: 07fc1391-8879-484d-b600-acf0816be69b"        [_thread_blocked, id=3220, stack(0x00000070d2a00000,0x00000070d2b00000) (1024K)]
  0x000001c1f5a6dd30 JavaThread "Refresh Thread: Equinox Container: 07fc1391-8879-484d-b600-acf0816be69b" daemon [_thread_blocked, id=14308, stack(0x00000070d2c00000,0x00000070d2d00000) (1024K)]
  0x000001c1f5a6e3c0 JavaThread "Framework Event Dispatcher: Equinox Container: 07fc1391-8879-484d-b600-acf0816be69b" daemon [_thread_blocked, id=25316, stack(0x00000070d2d00000,0x00000070d2e00000) (1024K)]
  0x000001c1f5a6af40 JavaThread "Start Level: Equinox Container: 07fc1391-8879-484d-b600-acf0816be69b" daemon [_thread_blocked, id=7132, stack(0x00000070d2e00000,0x00000070d2f00000) (1024K)]
  0x000001c1f5a6b5d0 JavaThread "Bundle File Closer"         daemon [_thread_blocked, id=2748, stack(0x00000070d3200000,0x00000070d3300000) (1024K)]
  0x000001c1f5a6c980 JavaThread "SCR Component Actor"        daemon [_thread_blocked, id=22212, stack(0x00000070d3300000,0x00000070d3400000) (1024K)]
  0x000001c1f5a6c2f0 JavaThread "Worker-JM"                         [_thread_blocked, id=24240, stack(0x00000070d3500000,0x00000070d3600000) (1024K)]
  0x000001c1f5a6bc60 JavaThread "JNA Cleaner"                daemon [_thread_blocked, id=24036, stack(0x00000070d2800000,0x00000070d2900000) (1024K)]
  0x000001c1f611a7c0 JavaThread "Worker-1"                          [_thread_blocked, id=23076, stack(0x00000070d3a00000,0x00000070d3b00000) (1024K)]
  0x000001c1f6119aa0 JavaThread "Java indexing"              daemon [_thread_in_native, id=9760, stack(0x00000070d3700000,0x00000070d3800000) (1024K)]
  0x000001c1f611b4e0 JavaThread "Worker-2"                          [_thread_blocked, id=3444, stack(0x00000070d3c00000,0x00000070d3d00000) (1024K)]
  0x000001c1f6119410 JavaThread "Worker-3"                          [_thread_blocked, id=23532, stack(0x00000070d3e00000,0x00000070d3f00000) (1024K)]
  0x000001c1f611a130 JavaThread "Thread-2"                   daemon [_thread_in_native, id=26292, stack(0x00000070d3f00000,0x00000070d4000000) (1024K)]
  0x000001c1f6118060 JavaThread "Thread-3"                   daemon [_thread_in_native, id=22184, stack(0x00000070d4000000,0x00000070d4100000) (1024K)]
  0x000001c1f611ae50 JavaThread "Thread-4"                   daemon [_thread_in_native, id=26584, stack(0x00000070d4100000,0x00000070d4200000) (1024K)]
  0x000001c1f61186f0 JavaThread "Thread-5"                   daemon [_thread_in_native, id=1896, stack(0x00000070d4200000,0x00000070d4300000) (1024K)]
  0x000001c1f6ed4450 JavaThread "Thread-6"                   daemon [_thread_in_native, id=22612, stack(0x00000070d4300000,0x00000070d4400000) (1024K)]
  0x000001c1f6ed0fd0 JavaThread "Thread-7"                   daemon [_thread_in_native, id=18536, stack(0x00000070d4400000,0x00000070d4500000) (1024K)]
  0x000001c1f6ed2a10 JavaThread "Thread-8"                   daemon [_thread_in_native, id=16620, stack(0x00000070d4500000,0x00000070d4600000) (1024K)]
  0x000001c1f6ed1cf0 JavaThread "Thread-9"                   daemon [_thread_in_native, id=23800, stack(0x00000070d4600000,0x00000070d4700000) (1024K)]
  0x000001c1f6ed1660 JavaThread "Thread-10"                  daemon [_thread_in_native, id=21320, stack(0x00000070d4700000,0x00000070d4800000) (1024K)]
  0x000001c1f6ed5170 JavaThread "Thread-11"                  daemon [_thread_in_native, id=22516, stack(0x00000070d4800000,0x00000070d4900000) (1024K)]
  0x000001c1f6ed3dc0 JavaThread "Thread-12"                  daemon [_thread_in_native, id=10556, stack(0x00000070d4900000,0x00000070d4a00000) (1024K)]
  0x000001c1f6ed3730 JavaThread "Thread-13"                  daemon [_thread_in_native, id=8180, stack(0x00000070d4a00000,0x00000070d4b00000) (1024K)]
  0x000001c1f6ed4ae0 JavaThread "Thread-14"                  daemon [_thread_in_native, id=9496, stack(0x00000070d4b00000,0x00000070d4c00000) (1024K)]
  0x000001c1f6ed5800 JavaThread "Thread-15"                  daemon [_thread_in_native, id=2320, stack(0x00000070d4c00000,0x00000070d4d00000) (1024K)]
  0x000001c1f6ed30a0 JavaThread "Thread-16"                  daemon [_thread_in_native, id=14744, stack(0x00000070d4d00000,0x00000070d4e00000) (1024K)]
  0x000001c1f6ed2380 JavaThread "Thread-17"                  daemon [_thread_in_native, id=11528, stack(0x00000070d4e00000,0x00000070d4f00000) (1024K)]
  0x000001c1f6ed7240 JavaThread "Thread-18"                  daemon [_thread_in_native, id=21448, stack(0x00000070d4f00000,0x00000070d5000000) (1024K)]
  0x000001c1f6ed6bb0 JavaThread "pool-2-thread-1"                   [_thread_blocked, id=2204, stack(0x00000070d5000000,0x00000070d5100000) (1024K)]
  0x000001c1f6ed85f0 JavaThread "Timer-0"                           [_thread_blocked, id=11212, stack(0x00000070d5300000,0x00000070d5400000) (1024K)]
  0x000001c1f6ed5e90 JavaThread "Timer-1"                           [_thread_blocked, id=10812, stack(0x00000070d5400000,0x00000070d5500000) (1024K)]
  0x000001c1f620d130 JavaThread "WorkspaceEventsHandler"            [_thread_blocked, id=17964, stack(0x00000070d5600000,0x00000070d5700000) (1024K)]
  0x000001c1f620b6f0 JavaThread "pool-1-thread-1"                   [_thread_blocked, id=23300, stack(0x00000070d5700000,0x00000070d5800000) (1024K)]
  0x000001c1f620bd80 JavaThread "Timer-2"                           [_thread_blocked, id=25324, stack(0x00000070d5800000,0x00000070d5900000) (1024K)]
  0x000001c1f620c410 JavaThread "Timer-3"                           [_thread_blocked, id=19024, stack(0x00000070d5b00000,0x00000070d5c00000) (1024K)]
  0x000001c1f620caa0 JavaThread "Timer-4"                           [_thread_blocked, id=21568, stack(0x00000070d5c00000,0x00000070d5d00000) (1024K)]
  0x000001c1fcbc1a10 JavaThread "Timer-5"                           [_thread_blocked, id=15576, stack(0x00000070d1b00000,0x00000070d1c00000) (1024K)]
  0x000001c1fcbbf940 JavaThread "Timer-6"                           [_thread_blocked, id=12228, stack(0x00000070d5d00000,0x00000070d5e00000) (1024K)]
  0x000001c1f5a6d010 JavaThread "ForkJoinPool.commonPool-worker-1" daemon [_thread_blocked, id=24332, stack(0x00000070d5e00000,0x00000070d5f00000) (1024K)]
  0x000001c1f7dc6a90 JavaThread "LocalFile Deleter"          daemon [_thread_blocked, id=17724, stack(0x00000070d5a00000,0x00000070d5b00000) (1024K)]
  0x000001c1f7dc77b0 JavaThread "LocalFile Deleter"          daemon [_thread_blocked, id=20132, stack(0x00000070d6000000,0x00000070d6100000) (1024K)]
  0x000001c1f7dca5a0 JavaThread "LocalFile Deleter"          daemon [_thread_blocked, id=25480, stack(0x00000070d6100000,0x00000070d6200000) (1024K)]
  0x000001c1f7dc7120 JavaThread "LocalFile Deleter"          daemon [_thread_blocked, id=18188, stack(0x00000070d6200000,0x00000070d6300000) (1024K)]
  0x000001c1f7dc7e40 JavaThread "LocalFile Deleter"          daemon [_thread_blocked, id=12744, stack(0x00000070d6300000,0x00000070d6400000) (1024K)]
  0x000001c1f7dc9f10 JavaThread "LocalFile Deleter"          daemon [_thread_blocked, id=4344, stack(0x00000070d6400000,0x00000070d6500000) (1024K)]
  0x000001c1f7dc9880 JavaThread "LocalFile Deleter"          daemon [_thread_blocked, id=15964, stack(0x00000070d6500000,0x00000070d6600000) (1024K)]
  0x000001c1f7dc8b60 JavaThread "LocalFile Deleter"          daemon [_thread_blocked, id=5684, stack(0x00000070d6600000,0x00000070d6700000) (1024K)]
  0x000001c1f7dc84d0 JavaThread "LocalFile Deleter"          daemon [_thread_blocked, id=23868, stack(0x00000070d6800000,0x00000070d6900000) (1024K)]
  0x000001c1f7dcb2c0 JavaThread "LocalFile Deleter"          daemon [_thread_blocked, id=26180, stack(0x00000070d6900000,0x00000070d6a00000) (1024K)]
  0x000001c1f7dcc670 JavaThread "LocalFile Deleter"          daemon [_thread_blocked, id=17332, stack(0x00000070d6a00000,0x00000070d6b00000) (1024K)]
  0x000001c1f7dc91f0 JavaThread "LocalFile Deleter"          daemon [_thread_blocked, id=26144, stack(0x00000070d6b00000,0x00000070d6c00000) (1024K)]
  0x000001c1f7dcbfe0 JavaThread "LocalFile Deleter"          daemon [_thread_blocked, id=18928, stack(0x00000070d6c00000,0x00000070d6d00000) (1024K)]
  0x000001c1f7dcac30 JavaThread "LocalFile Deleter"          daemon [_thread_blocked, id=3008, stack(0x00000070d6d00000,0x00000070d6e00000) (1024K)]
  0x000001c1f7dce0b0 JavaThread "LocalFile Deleter"          daemon [_thread_blocked, id=26508, stack(0x00000070d6e00000,0x00000070d6f00000) (1024K)]
  0x000001c1f7dcd390 JavaThread "Compiler Source File Reader" daemon [_thread_blocked, id=16240, stack(0x00000070d5900000,0x00000070d5a00000) (1024K)]
  0x000001c1f7dcda20 JavaThread "Compiler Source File Reader" daemon [_thread_blocked, id=12232, stack(0x00000070d6f00000,0x00000070d7000000) (1024K)]
  0x000001c1fc9d0eb0 JavaThread "Compiler Source File Reader" daemon [_thread_blocked, id=25748, stack(0x00000070d7000000,0x00000070d7100000) (1024K)]
  0x000001c1fc9d0190 JavaThread "Compiler Source File Reader" daemon [_thread_blocked, id=16628, stack(0x00000070d7100000,0x00000070d7200000) (1024K)]
  0x000001c1fc9cede0 JavaThread "Compiler Source File Reader" daemon [_thread_blocked, id=16224, stack(0x00000070d7200000,0x00000070d7300000) (1024K)]
  0x000001c1fc9cf470 JavaThread "Compiler Source File Reader" daemon [_thread_blocked, id=20460, stack(0x00000070d7300000,0x00000070d7400000) (1024K)]
  0x000001c1fc9ce750 JavaThread "Compiler Source File Reader" daemon [_thread_blocked, id=24980, stack(0x00000070d7400000,0x00000070d7500000) (1024K)]
  0x000001c1fc9cfb00 JavaThread "Compiler Source File Reader" daemon [_thread_blocked, id=5664, stack(0x00000070d7500000,0x00000070d7600000) (1024K)]
  0x000001c1fc9d0820 JavaThread "Compiler Source File Reader" daemon [_thread_blocked, id=11492, stack(0x00000070d7600000,0x00000070d7700000) (1024K)]
  0x000001c1fc9cda30 JavaThread "Compiler Source File Reader" daemon [_thread_blocked, id=25968, stack(0x00000070d7700000,0x00000070d7800000) (1024K)]
  0x000001c1fc9ce0c0 JavaThread "Compiler Source File Reader" daemon [_thread_blocked, id=22780, stack(0x00000070d7800000,0x00000070d7900000) (1024K)]
  0x000001c1f5bc0330 JavaThread "Compiler Source File Reader" daemon [_thread_blocked, id=24620, stack(0x00000070d7900000,0x00000070d7a00000) (1024K)]
  0x000001c1f5bbef80 JavaThread "Compiler Source File Reader" daemon [_thread_blocked, id=4252, stack(0x00000070d7a00000,0x00000070d7b00000) (1024K)]
  0x000001c1f5bc09c0 JavaThread "Compiler Source File Reader" daemon [_thread_blocked, id=25164, stack(0x00000070d7b00000,0x00000070d7c00000) (1024K)]
  0x000001c1f5bbdbd0 JavaThread "Timer-7"                           [_thread_blocked, id=18256, stack(0x00000070d7d00000,0x00000070d7e00000) (1024K)]
  0x000001c1f5bc1050 JavaThread "Timer-8"                           [_thread_blocked, id=8948, stack(0x00000070d7e00000,0x00000070d7f00000) (1024K)]
  0x000001c1f5bc16e0 JavaThread "Timer-9"                           [_thread_blocked, id=25592, stack(0x00000070d7f00000,0x00000070d8000000) (1024K)]
  0x000001c1f5bbe260 JavaThread "Timer-10"                          [_thread_blocked, id=14132, stack(0x00000070d8000000,0x00000070d8100000) (1024K)]
  0x000001c1f5bc1d70 JavaThread "Timer-11"                          [_thread_blocked, id=23732, stack(0x00000070d8200000,0x00000070d8300000) (1024K)]
  0x000001c1f5bbfca0 JavaThread "Timer-12"                          [_thread_blocked, id=20184, stack(0x00000070d0c00000,0x00000070d0d00000) (1024K)]
  0x000001c1f5bbe8f0 JavaThread "Timer-13"                          [_thread_blocked, id=23840, stack(0x00000070d0d00000,0x00000070d0e00000) (1024K)]
  0x000001c1f6ed7f60 JavaThread "Worker-6"                          [_thread_blocked, id=16980, stack(0x00000070d2100000,0x00000070d2200000) (1024K)]
  0x000001c1f822ca40 JavaThread "Worker-9: Building"                [_thread_in_Java, id=4188, stack(0x00000070d8300000,0x00000070d8400000) (1024K)]
  0x000001c1f822d760 JavaThread "Worker-10"                         [_thread_blocked, id=24852, stack(0x00000070d8400000,0x00000070d8500000) (1024K)]
  0x000001c1f822f1a0 JavaThread "Worker-11"                         [_thread_blocked, id=21820, stack(0x00000070d8500000,0x00000070d8600000) (1024K)]
  0x000001c1f822fec0 JavaThread "Worker-12"                         [_thread_blocked, id=8340, stack(0x00000070d8600000,0x00000070d8700000) (1024K)]
  0x000001c1f822eb10 JavaThread "Timer-14"                          [_thread_blocked, id=20644, stack(0x00000070d8a00000,0x00000070d8b00000) (1024K)]
  0x000001c1f8230550 JavaThread "Worker-14"                         [_thread_blocked, id=17252, stack(0x00000070d5100000,0x00000070d5200000) (1024K)]
  0x000001c1f8231270 JavaThread "Worker-15"                         [_thread_blocked, id=26580, stack(0x00000070d5500000,0x00000070d5600000) (1024K)]
  0x000001c1f822ddf0 JavaThread "Worker-16"                         [_thread_blocked, id=11364, stack(0x00000070d7c00000,0x00000070d7d00000) (1024K)]
  0x000001c1f8231900 JavaThread "Worker-17"                         [_thread_blocked, id=10096, stack(0x00000070d8900000,0x00000070d8a00000) (1024K)]
  0x000001c1f8232620 JavaThread "ForkJoinPool.commonPool-worker-3" daemon [_thread_blocked, id=22256, stack(0x00000070d0e00000,0x00000070d0f00000) (1024K)]
  0x000001c1f8233340 JavaThread "ForkJoinPool.commonPool-worker-4" daemon [_thread_blocked, id=23600, stack(0x00000070d1d00000,0x00000070d1e00000) (1024K)]
  0x000001c1f82339d0 JavaThread "ForkJoinPool.commonPool-worker-5" daemon [_thread_blocked, id=22052, stack(0x00000070d3b00000,0x00000070d3c00000) (1024K)]
  0x000001c1fcbc1380 JavaThread "ForkJoinPool.commonPool-worker-6" daemon [_thread_blocked, id=2000, stack(0x00000070d5f00000,0x00000070d6000000) (1024K)]
  0x000001c1fcbc2730 JavaThread "ForkJoinPool.commonPool-worker-7" daemon [_thread_blocked, id=6912, stack(0x00000070d8100000,0x00000070d8200000) (1024K)]
  0x000001c1fcbc0660 JavaThread "ForkJoinPool.commonPool-worker-8" daemon [_thread_blocked, id=2860, stack(0x00000070d8700000,0x00000070d8800000) (1024K)]
  0x000001c1f5bc3120 JavaThread "ForkJoinPool.commonPool-worker-9" daemon [_thread_blocked, id=15456, stack(0x00000070d8800000,0x00000070d8900000) (1024K)]
  0x000001c1f5bc3e40 JavaThread "ForkJoinPool.commonPool-worker-10" daemon [_thread_blocked, id=25440, stack(0x00000070d8b00000,0x00000070d8c00000) (1024K)]
  0x000001c1f7dccd00 JavaThread "ForkJoinPool.commonPool-worker-12" daemon [_thread_blocked, id=26060, stack(0x00000070d8c00000,0x00000070d8d00000) (1024K)]
  0x000001c1f620b060 JavaThread "ForkJoinPool.commonPool-worker-11" daemon [_thread_blocked, id=26608, stack(0x00000070d8d00000,0x00000070d8e00000) (1024K)]
  0x000001c1fc767b60 JavaThread "ForkJoinPool.commonPool-worker-13" daemon [_thread_blocked, id=17372, stack(0x00000070d8e00000,0x00000070d8f00000) (1024K)]
  0x000001c1fc76a2c0 JavaThread "ForkJoinPool.commonPool-worker-14" daemon [_thread_blocked, id=8044, stack(0x00000070d8f00000,0x00000070d9000000) (1024K)]
  0x000001c1fc76a950 JavaThread "ForkJoinPool.commonPool-worker-16" daemon [_thread_blocked, id=15008, stack(0x00000070d9000000,0x00000070d9100000) (1024K)]
  0x000001c1fc7681f0 JavaThread "ForkJoinPool.commonPool-worker-15" daemon [_thread_blocked, id=12604, stack(0x00000070d9100000,0x00000070d9200000) (1024K)]
  0x000001c1fc7695a0 JavaThread "LocalFile Deleter"          daemon [_thread_blocked, id=26184, stack(0x00000070d1f00000,0x00000070d2000000) (1024K)]
  0x000001c1fa47ab90 JavaThread "C1 CompilerThread1"         daemon [_thread_blocked, id=23836, stack(0x00000070d3900000,0x00000070d3a00000) (1024K)]
  0x000001c1fa47fd50 JavaThread "C1 CompilerThread2"         daemon [_thread_blocked, id=25364, stack(0x00000070d3d00000,0x00000070d3e00000) (1024K)]
  0x000001c1f974e990 JavaThread "C1 CompilerThread3"         daemon [_thread_blocked, id=25436, stack(0x00000070d5200000,0x00000070d5300000) (1024K)]
  0x000001c1fc769c30 JavaThread "Compiler Processing Task"   daemon [_thread_in_Java, id=6824, stack(0x00000070d9200000,0x00000070d9300000) (1024K)]
  0x000001c1fc76b670 JavaThread "Compiler Class File Writer" daemon [_thread_blocked, id=4972, stack(0x00000070d9300000,0x00000070d9400000) (1024K)]
  0x000001c1fc76bd00 JavaThread "Compiler Class File Writer" daemon [_thread_blocked, id=25792, stack(0x00000070d9400000,0x00000070d9500000) (1024K)]
  0x000001c1fc768880 JavaThread "Compiler Class File Writer" daemon [_thread_blocked, id=21752, stack(0x00000070d9500000,0x00000070d9600000) (1024K)]
  0x000001c1fc76f180 JavaThread "Compiler Class File Writer" daemon [_thread_in_native, id=14028, stack(0x00000070d9600000,0x00000070d9700000) (1024K)]
  0x000001c1fc76c390 JavaThread "Compiler Class File Writer" daemon [_thread_blocked, id=24008, stack(0x00000070d9700000,0x00000070d9800000) (1024K)]
  0x000001c1fc76d0b0 JavaThread "Compiler Class File Writer" daemon [_thread_in_native, id=17848, stack(0x00000070d9800000,0x00000070d9900000) (1024K)]
  0x000001c1fc76ca20 JavaThread "Compiler Class File Writer" daemon [_thread_blocked, id=19968, stack(0x00000070d9900000,0x00000070d9a00000) (1024K)]
  0x000001c1fc76e460 JavaThread "Compiler Class File Writer" daemon [_thread_blocked, id=10708, stack(0x00000070d9a00000,0x00000070d9b00000) (1024K)]
  0x000001c1fc76ddd0 JavaThread "Compiler Class File Writer" daemon [_thread_in_native, id=21676, stack(0x00000070d9b00000,0x00000070d9c00000) (1024K)]
  0x000001c1fc76d740 JavaThread "Compiler Class File Writer" daemon [_thread_blocked, id=24592, stack(0x00000070d9c00000,0x00000070d9d00000) (1024K)]
  0x000001c1fc76eaf0 JavaThread "Compiler Class File Writer" daemon [_thread_blocked, id=9460, stack(0x00000070d9d00000,0x00000070d9e00000) (1024K)]
  0x000001c1f822f830 JavaThread "Compiler Class File Writer" daemon [_thread_in_native, id=14968, stack(0x00000070d9e00000,0x00000070d9f00000) (1024K)]
  0x000001c1f822e480 JavaThread "Compiler Class File Writer" daemon [_thread_blocked, id=22636, stack(0x00000070d9f00000,0x00000070da000000) (1024K)]
  0x000001c1f7dcb950 JavaThread "Compiler Class File Writer" daemon [_thread_blocked, id=26364, stack(0x00000070da000000,0x00000070da100000) (1024K)]
=>0x000001c1f54ed3d0 JavaThread "C2 CompilerThread1"         daemon [_thread_in_native, id=20824, stack(0x00000070d3400000,0x00000070d3500000) (1024K)]
  0x000001c1f54ee840 JavaThread "C2 CompilerThread2"         daemon [_thread_in_native, id=19752, stack(0x00000070d6700000,0x00000070d6800000) (1024K)]
  0x000001c1f54edaa0 JavaThread "C2 CompilerThread3"         daemon [_thread_in_native, id=21984, stack(0x00000070da100000,0x00000070da200000) (1024K)]
Total: 133

Other Threads:
  0x000001c1edb94920 VMThread "VM Thread"                           [id=26028, stack(0x00000070d1200000,0x00000070d1300000) (1024K)]
  0x000001c1eda8ca00 WatcherThread "VM Periodic Task Thread"        [id=12140, stack(0x00000070d1100000,0x00000070d1200000) (1024K)]
  0x000001c1d97df580 WorkerThread "GC Thread#0"                     [id=25720, stack(0x00000070d1000000,0x00000070d1100000) (1024K)]
  0x000001c1f59c8ce0 WorkerThread "GC Thread#1"                     [id=3288, stack(0x00000070d2200000,0x00000070d2300000) (1024K)]
  0x000001c1f59c9080 WorkerThread "GC Thread#2"                     [id=16592, stack(0x00000070d2300000,0x00000070d2400000) (1024K)]
  0x000001c1f59c9420 WorkerThread "GC Thread#3"                     [id=2160, stack(0x00000070d2400000,0x00000070d2500000) (1024K)]
  0x000001c1f59c97c0 WorkerThread "GC Thread#4"                     [id=11824, stack(0x00000070d2500000,0x00000070d2600000) (1024K)]
  0x000001c1f5609720 WorkerThread "GC Thread#5"                     [id=7880, stack(0x00000070d2600000,0x00000070d2700000) (1024K)]
  0x000001c1f58f4ff0 WorkerThread "GC Thread#6"                     [id=2260, stack(0x00000070d2700000,0x00000070d2800000) (1024K)]
  0x000001c1f57c8360 WorkerThread "GC Thread#7"                     [id=23656, stack(0x00000070d2b00000,0x00000070d2c00000) (1024K)]
  0x000001c1f59da2c0 WorkerThread "GC Thread#8"                     [id=23628, stack(0x00000070d2f00000,0x00000070d3000000) (1024K)]
  0x000001c1f59da660 WorkerThread "GC Thread#9"                     [id=18528, stack(0x00000070d3000000,0x00000070d3100000) (1024K)]
  0x000001c1f59dada0 WorkerThread "GC Thread#10"                    [id=19672, stack(0x00000070d3100000,0x00000070d3200000) (1024K)]
  0x000001c1f59db140 WorkerThread "GC Thread#11"                    [id=12240, stack(0x00000070d2900000,0x00000070d2a00000) (1024K)]
  0x000001c1f5e0d6c0 WorkerThread "GC Thread#12"                    [id=11760, stack(0x00000070d3600000,0x00000070d3700000) (1024K)]
Total: 15

Threads with active compile tasks:
C2 CompilerThread0  159897 18630       4       org.eclipse.jdt.internal.compiler.codegen.CharArrayCache::returnKeyFor (35 bytes)
C2 CompilerThread1  159897 18594       4       sun.security.provider.AbstractDrbg::engineNextBytes (15 bytes)
C2 CompilerThread2  159897 18597   !   4       sun.security.provider.AbstractDrbg::engineNextBytes (283 bytes)
C2 CompilerThread3  159897 18635       4       org.eclipse.core.internal.dtree.AbstractDataTreeNode::compareWith (364 bytes)
Total: 4

VM state: at safepoint (normal execution)

VM Mutex/Monitor currently owned by a thread:  ([mutex/lock_event])
[0x00007ffee494e308] Threads_lock - owner thread: 0x000001c1edb94920
[0x00007ffee494e408] Heap_lock - owner thread: 0x000001c1f6119aa0

Heap address: 0x00000000c0000000, size: 1024 MB, Compressed Oops mode: 32-bit

CDS archive(s) mapped at: [0x000001c180000000-0x000001c180ba0000-0x000001c180ba0000), size 12189696, SharedBaseAddress: 0x000001c180000000, ArchiveRelocationMode: 1.
Compressed class space mapped at: 0x000001c181000000-0x000001c1c1000000, reserved size: 1073741824
Narrow klass base: 0x000001c180000000, Narrow klass shift: 0, Narrow klass range: 0x100000000

GC Precious Log:
 CardTable entry size: 512
 CPUs: 16 total, 16 available
 Memory: 16088M
 Large Page Support: Disabled
 NUMA Support: Disabled
 Compressed Oops: Enabled (32-bit)
 Alignments: Space 512K, Generation 512K, Heap 2M
 Heap Min Capacity: 100M
 Heap Initial Capacity: 100M
 Heap Max Capacity: 1G
 Pre-touch: Disabled
 Parallel Workers: 13

Heap:
 PSYoungGen      total 2560K, used 1024K [0x00000000eab00000, 0x00000000eae80000, 0x0000000100000000)
  eden space 1536K, 0% used [0x00000000eab00000,0x00000000eab00000,0x00000000eac80000)
  from space 1024K, 100% used [0x00000000ead80000,0x00000000eae80000,0x00000000eae80000)
  to   space 1024K, 0% used [0x00000000eac80000,0x00000000eac80000,0x00000000ead80000)
 ParOldGen       total 536576K, used 536486K [0x00000000c0000000, 0x00000000e0c00000, 0x00000000eab00000)
  object space 536576K, 99% used [0x00000000c0000000,0x00000000e0be9880,0x00000000e0c00000)
 Metaspace       used 86769K, committed 88576K, reserved 1179648K
  class space    used 9845K, committed 10624K, reserved 1048576K

Card table byte_map: [0x000001c1d9160000,0x000001c1d9370000] _byte_map_base: 0x000001c1d8b60000

Marking Bits: (ParMarkBitMap*) 0x00007ffee49531f0
 Begin Bits: [0x000001c1eb9b0000, 0x000001c1ec9b0000)
 End Bits:   [0x000001c1ec9b0000, 0x000001c1ed9b0000)

Polling page: 0x000001c1d8ed0000

Metaspace:

Usage:
  Non-class:     75.12 MB used.
      Class:      9.62 MB used.
       Both:     84.74 MB used.

Virtual space:
  Non-class space:      128.00 MB reserved,      76.12 MB ( 59%) committed,  2 nodes.
      Class space:        1.00 GB reserved,      10.38 MB (  1%) committed,  1 nodes.
             Both:        1.12 GB reserved,      86.50 MB (  8%) committed. 

Chunk freelists:
   Non-Class:  3.62 MB
       Class:  5.45 MB
        Both:  9.07 MB

MaxMetaspaceSize: unlimited
CompressedClassSpaceSize: 1.00 GB
Initial GC threshold: 21.00 MB
Current GC threshold: 141.38 MB
CDS: on
 - commit_granule_bytes: 65536.
 - commit_granule_words: 8192.
 - virtual_space_node_default_size: 8388608.
 - enlarge_chunks_in_place: 1.
 - use_allocation_guard: 0.


Internal statistics:

num_allocs_failed_limit: 11.
num_arena_births: 1732.
num_arena_deaths: 14.
num_vsnodes_births: 3.
num_vsnodes_deaths: 0.
num_space_committed: 1384.
num_space_uncommitted: 0.
num_chunks_returned_to_freelist: 25.
num_chunks_taken_from_freelist: 5863.
num_chunk_merges: 17.
num_chunk_splits: 3521.
num_chunks_enlarged: 1894.
num_inconsistent_stats: 0.

CodeHeap 'non-profiled nmethods': size=119168Kb used=15136Kb max_used=18104Kb free=104031Kb
 bounds [0x000001c1e4550000, 0x000001c1e5700000, 0x000001c1eb9b0000]
CodeHeap 'profiled nmethods': size=119104Kb used=27786Kb max_used=36174Kb free=91317Kb
 bounds [0x000001c1dc9b0000, 0x000001c1ded10000, 0x000001c1e3e00000]
CodeHeap 'non-nmethods': size=7488Kb used=3185Kb max_used=3276Kb free=4302Kb
 bounds [0x000001c1e3e00000, 0x000001c1e4140000, 0x000001c1e4550000]
 total_blobs=13056 nmethods=12242 adapters=713
 compilation: enabled
              stopped_count=0, restarted_count=0
 full_count=0

Compilation events (20 events):
Event: 157.712 Thread 0x000001c1f54ed3d0 nmethod 18612 0x000001c1e50d3390 code [0x000001c1e50d3540, 0x000001c1e50d3a10]
Event: 157.712 Thread 0x000001c1f54ed3d0 18603       4       org.eclipse.core.internal.jobs.OrderedLock::release (60 bytes)
Event: 157.717 Thread 0x000001c1f54ed3d0 nmethod 18603 0x000001c1e53b2910 code [0x000001c1e53b2b00, 0x000001c1e53b31b8]
Event: 157.717 Thread 0x000001c1f54ed3d0 18613   !   4       org.eclipse.core.internal.jobs.OrderedLock::acquire (32 bytes)
Event: 157.726 Thread 0x000001c1f54ed3d0 nmethod 18613 0x000001c1e45b7790 code [0x000001c1e45b7980, 0x000001c1e45b7f78]
Event: 157.727 Thread 0x000001c1f54ed3d0 18594       4       sun.security.provider.AbstractDrbg::engineNextBytes (15 bytes)
Event: 157.737 Thread 0x000001c1f54ee840 nmethod 18593 0x000001c1e4766b90 code [0x000001c1e4766f80, 0x000001c1e47698a8]
Event: 157.739 Thread 0x000001c1f54ee840 18595       4       java.security.DrbgParameters::nextBytes (11 bytes)
Event: 157.741 Thread 0x000001c1f54ee840 nmethod 18595 0x000001c1e4766790 code [0x000001c1e4766920, 0x000001c1e4766a58]
Event: 157.741 Thread 0x000001c1f54ee840 18596       4       java.security.DrbgParameters$NextBytes::<init> (66 bytes)
Event: 157.742 Thread 0x000001c1f54ee840 nmethod 18596 0x000001c1e5111090 code [0x000001c1e5111220, 0x000001c1e51112f8]
Event: 157.742 Thread 0x000001c1f54ee840 18597   !   4       sun.security.provider.AbstractDrbg::engineNextBytes (283 bytes)
Event: 157.746 Thread 0x000001c1f974e990 18618   !   3       org.eclipse.jdt.internal.compiler.ast.LambdaExpression::findGroundTargetType (106 bytes)
Event: 157.747 Thread 0x000001c1f974e990 nmethod 18618 0x000001c1dd970090 code [0x000001c1dd970300, 0x000001c1dd970ff0]
Event: 157.751 Thread 0x000001c1fa47ab90 18620       3       org.eclipse.jdt.internal.compiler.ast.AllocationExpression::inferConstructorOfElidedParameterizedType (158 bytes)
Event: 157.752 Thread 0x000001c1fa47ab90 nmethod 18620 0x000001c1dd6fe690 code [0x000001c1dd6fe8e0, 0x000001c1dd6ff438]
Event: 157.821 Thread 0x000001c1d987e1b0 18622       1       org.eclipse.jdt.internal.compiler.lookup.PolyTypeBinding::isPolyType (2 bytes)
Event: 157.823 Thread 0x000001c1f974e990 18623       3       org.eclipse.jdt.internal.compiler.ast.FunctionalExpression::isPertinentToApplicability (60 bytes)
Event: 157.826 Thread 0x000001c1fa47ab90 18624       3       org.eclipse.jdt.internal.compiler.ast.FunctionalExpression$VisibilityInspector::checkVisibility (39 bytes)
Event: 157.828 Thread 0x000001c1fa47fd50 18625       3       org.eclipse.jdt.internal.compiler.problem.ProblemReporter::javadocMissingReturnTag (87 bytes)

GC Heap History (20 events):
Event: 157.596 GC heap before
{Heap before GC invocations=4777 (full 8):
 PSYoungGen      total 2560K, used 2112K [0x00000000eab00000, 0x00000000eae80000, 0x0000000100000000)
  eden space 1536K, 100% used [0x00000000eab00000,0x00000000eac80000,0x00000000eac80000)
  from space 1024K, 56% used [0x00000000ead80000,0x00000000eae10000,0x00000000eae80000)
  to   space 1024K, 0% used [0x00000000eac80000,0x00000000eac80000,0x00000000ead80000)
 ParOldGen       total 531456K, used 531453K [0x00000000c0000000, 0x00000000e0700000, 0x00000000eab00000)
  object space 531456K, 99% used [0x00000000c0000000,0x00000000e06ff5f0,0x00000000e0700000)
 Metaspace       used 86738K, committed 88512K, reserved 1179648K
  class space    used 9843K, committed 10624K, reserved 1048576K
}
Event: 157.598 GC heap after
{Heap after GC invocations=4777 (full 8):
 PSYoungGen      total 2560K, used 640K [0x00000000eab00000, 0x00000000eae80000, 0x0000000100000000)
  eden space 1536K, 0% used [0x00000000eab00000,0x00000000eab00000,0x00000000eac80000)
  from space 1024K, 62% used [0x00000000eac80000,0x00000000ead20000,0x00000000ead80000)
  to   space 1024K, 0% used [0x00000000ead80000,0x00000000ead80000,0x00000000eae80000)
 ParOldGen       total 531968K, used 531773K [0x00000000c0000000, 0x00000000e0780000, 0x00000000eab00000)
  object space 531968K, 99% used [0x00000000c0000000,0x00000000e074f5f0,0x00000000e0780000)
 Metaspace       used 86738K, committed 88512K, reserved 1179648K
  class space    used 9843K, committed 10624K, reserved 1048576K
}
Event: 157.668 GC heap before
{Heap before GC invocations=4778 (full 8):
 PSYoungGen      total 2560K, used 2176K [0x00000000eab00000, 0x00000000eae80000, 0x0000000100000000)
  eden space 1536K, 100% used [0x00000000eab00000,0x00000000eac80000,0x00000000eac80000)
  from space 1024K, 62% used [0x00000000eac80000,0x00000000ead20000,0x00000000ead80000)
  to   space 1024K, 0% used [0x00000000ead80000,0x00000000ead80000,0x00000000eae80000)
 ParOldGen       total 531968K, used 531773K [0x00000000c0000000, 0x00000000e0780000, 0x00000000eab00000)
  object space 531968K, 99% used [0x00000000c0000000,0x00000000e074f5f0,0x00000000e0780000)
 Metaspace       used 86738K, committed 88512K, reserved 1179648K
  class space    used 9843K, committed 10624K, reserved 1048576K
}
Event: 157.670 GC heap after
{Heap after GC invocations=4778 (full 8):
 PSYoungGen      total 2560K, used 560K [0x00000000eab00000, 0x00000000eae80000, 0x0000000100000000)
  eden space 1536K, 0% used [0x00000000eab00000,0x00000000eab00000,0x00000000eac80000)
  from space 1024K, 54% used [0x00000000ead80000,0x00000000eae0c120,0x00000000eae80000)
  to   space 1024K, 0% used [0x00000000eac80000,0x00000000eac80000,0x00000000ead80000)
 ParOldGen       total 532480K, used 532149K [0x00000000c0000000, 0x00000000e0800000, 0x00000000eab00000)
  object space 532480K, 99% used [0x00000000c0000000,0x00000000e07ad610,0x00000000e0800000)
 Metaspace       used 86738K, committed 88512K, reserved 1179648K
  class space    used 9843K, committed 10624K, reserved 1048576K
}
Event: 157.685 GC heap before
{Heap before GC invocations=4779 (full 8):
 PSYoungGen      total 2560K, used 2096K [0x00000000eab00000, 0x00000000eae80000, 0x0000000100000000)
  eden space 1536K, 100% used [0x00000000eab00000,0x00000000eac80000,0x00000000eac80000)
  from space 1024K, 54% used [0x00000000ead80000,0x00000000eae0c120,0x00000000eae80000)
  to   space 1024K, 0% used [0x00000000eac80000,0x00000000eac80000,0x00000000ead80000)
 ParOldGen       total 532480K, used 532149K [0x00000000c0000000, 0x00000000e0800000, 0x00000000eab00000)
  object space 532480K, 99% used [0x00000000c0000000,0x00000000e07ad610,0x00000000e0800000)
 Metaspace       used 86738K, committed 88512K, reserved 1179648K
  class space    used 9843K, committed 10624K, reserved 1048576K
}
Event: 157.687 GC heap after
{Heap after GC invocations=4779 (full 8):
 PSYoungGen      total 2560K, used 576K [0x00000000eab00000, 0x00000000eae80000, 0x0000000100000000)
  eden space 1536K, 0% used [0x00000000eab00000,0x00000000eab00000,0x00000000eac80000)
  from space 1024K, 56% used [0x00000000eac80000,0x00000000ead10000,0x00000000ead80000)
  to   space 1024K, 0% used [0x00000000ead80000,0x00000000ead80000,0x00000000eae80000)
 ParOldGen       total 532992K, used 532493K [0x00000000c0000000, 0x00000000e0880000, 0x00000000eab00000)
  object space 532992K, 99% used [0x00000000c0000000,0x00000000e0803758,0x00000000e0880000)
 Metaspace       used 86738K, committed 88512K, reserved 1179648K
  class space    used 9843K, committed 10624K, reserved 1048576K
}
Event: 157.733 GC heap before
{Heap before GC invocations=4780 (full 8):
 PSYoungGen      total 2560K, used 2112K [0x00000000eab00000, 0x00000000eae80000, 0x0000000100000000)
  eden space 1536K, 100% used [0x00000000eab00000,0x00000000eac80000,0x00000000eac80000)
  from space 1024K, 56% used [0x00000000eac80000,0x00000000ead10000,0x00000000ead80000)
  to   space 1024K, 0% used [0x00000000ead80000,0x00000000ead80000,0x00000000eae80000)
 ParOldGen       total 532992K, used 532493K [0x00000000c0000000, 0x00000000e0880000, 0x00000000eab00000)
  object space 532992K, 99% used [0x00000000c0000000,0x00000000e0803758,0x00000000e0880000)
 Metaspace       used 86744K, committed 88512K, reserved 1179648K
  class space    used 9843K, committed 10624K, reserved 1048576K
}
Event: 157.735 GC heap after
{Heap after GC invocations=4780 (full 8):
 PSYoungGen      total 2560K, used 608K [0x00000000eab00000, 0x00000000eae80000, 0x0000000100000000)
  eden space 1536K, 0% used [0x00000000eab00000,0x00000000eab00000,0x00000000eac80000)
  from space 1024K, 59% used [0x00000000ead80000,0x00000000eae18000,0x00000000eae80000)
  to   space 1024K, 0% used [0x00000000eac80000,0x00000000eac80000,0x00000000ead80000)
 ParOldGen       total 532992K, used 532877K [0x00000000c0000000, 0x00000000e0880000, 0x00000000eab00000)
  object space 532992K, 99% used [0x00000000c0000000,0x00000000e0863778,0x00000000e0880000)
 Metaspace       used 86744K, committed 88512K, reserved 1179648K
  class space    used 9843K, committed 10624K, reserved 1048576K
}
Event: 157.748 GC heap before
{Heap before GC invocations=4781 (full 8):
 PSYoungGen      total 2560K, used 2144K [0x00000000eab00000, 0x00000000eae80000, 0x0000000100000000)
  eden space 1536K, 100% used [0x00000000eab00000,0x00000000eac80000,0x00000000eac80000)
  from space 1024K, 59% used [0x00000000ead80000,0x00000000eae18000,0x00000000eae80000)
  to   space 1024K, 0% used [0x00000000eac80000,0x00000000eac80000,0x00000000ead80000)
 ParOldGen       total 532992K, used 532877K [0x00000000c0000000, 0x00000000e0880000, 0x00000000eab00000)
  object space 532992K, 99% used [0x00000000c0000000,0x00000000e0863778,0x00000000e0880000)
 Metaspace       used 86754K, committed 88512K, reserved 1179648K
  class space    used 9845K, committed 10624K, reserved 1048576K
}
Event: 157.750 GC heap after
{Heap after GC invocations=4781 (full 8):
 PSYoungGen      total 2560K, used 576K [0x00000000eab00000, 0x00000000eae80000, 0x0000000100000000)
  eden space 1536K, 0% used [0x00000000eab00000,0x00000000eab00000,0x00000000eac80000)
  from space 1024K, 56% used [0x00000000eac80000,0x00000000ead10020,0x00000000ead80000)
  to   space 1024K, 0% used [0x00000000ead80000,0x00000000ead80000,0x00000000eae80000)
 ParOldGen       total 533504K, used 533288K [0x00000000c0000000, 0x00000000e0900000, 0x00000000eab00000)
  object space 533504K, 99% used [0x00000000c0000000,0x00000000e08ca1b8,0x00000000e0900000)
 Metaspace       used 86754K, committed 88512K, reserved 1179648K
  class space    used 9845K, committed 10624K, reserved 1048576K
}
Event: 157.760 GC heap before
{Heap before GC invocations=4782 (full 8):
 PSYoungGen      total 2560K, used 2112K [0x00000000eab00000, 0x00000000eae80000, 0x0000000100000000)
  eden space 1536K, 100% used [0x00000000eab00000,0x00000000eac80000,0x00000000eac80000)
  from space 1024K, 56% used [0x00000000eac80000,0x00000000ead10020,0x00000000ead80000)
  to   space 1024K, 0% used [0x00000000ead80000,0x00000000ead80000,0x00000000eae80000)
 ParOldGen       total 533504K, used 533288K [0x00000000c0000000, 0x00000000e0900000, 0x00000000eab00000)
  object space 533504K, 99% used [0x00000000c0000000,0x00000000e08ca1b8,0x00000000e0900000)
 Metaspace       used 86756K, committed 88512K, reserved 1179648K
  class space    used 9845K, committed 10624K, reserved 1048576K
}
Event: 157.762 GC heap after
{Heap after GC invocations=4782 (full 8):
 PSYoungGen      total 2560K, used 589K [0x00000000eab00000, 0x00000000eae80000, 0x0000000100000000)
  eden space 1536K, 0% used [0x00000000eab00000,0x00000000eab00000,0x00000000eac80000)
  from space 1024K, 57% used [0x00000000ead80000,0x00000000eae135b8,0x00000000eae80000)
  to   space 1024K, 0% used [0x00000000eac80000,0x00000000eac80000,0x00000000ead80000)
 ParOldGen       total 534016K, used 533632K [0x00000000c0000000, 0x00000000e0980000, 0x00000000eab00000)
  object space 534016K, 99% used [0x00000000c0000000,0x00000000e09201d8,0x00000000e0980000)
 Metaspace       used 86756K, committed 88512K, reserved 1179648K
  class space    used 9845K, committed 10624K, reserved 1048576K
}
Event: 157.767 GC heap before
{Heap before GC invocations=4783 (full 8):
 PSYoungGen      total 2560K, used 2125K [0x00000000eab00000, 0x00000000eae80000, 0x0000000100000000)
  eden space 1536K, 100% used [0x00000000eab00000,0x00000000eac80000,0x00000000eac80000)
  from space 1024K, 57% used [0x00000000ead80000,0x00000000eae135b8,0x00000000eae80000)
  to   space 1024K, 0% used [0x00000000eac80000,0x00000000eac80000,0x00000000ead80000)
 ParOldGen       total 534016K, used 533632K [0x00000000c0000000, 0x00000000e0980000, 0x00000000eab00000)
  object space 534016K, 99% used [0x00000000c0000000,0x00000000e09201d8,0x00000000e0980000)
 Metaspace       used 86756K, committed 88512K, reserved 1179648K
  class space    used 9845K, committed 10624K, reserved 1048576K
}
Event: 157.770 GC heap after
{Heap after GC invocations=4783 (full 8):
 PSYoungGen      total 2560K, used 416K [0x00000000eab00000, 0x00000000eae00000, 0x0000000100000000)
  eden space 1536K, 0% used [0x00000000eab00000,0x00000000eab00000,0x00000000eac80000)
  from space 1024K, 40% used [0x00000000eac80000,0x00000000eace8010,0x00000000ead80000)
  to   space 512K, 0% used [0x00000000ead80000,0x00000000ead80000,0x00000000eae00000)
 ParOldGen       total 534528K, used 534038K [0x00000000c0000000, 0x00000000e0a00000, 0x00000000eab00000)
  object space 534528K, 99% used [0x00000000c0000000,0x00000000e0985880,0x00000000e0a00000)
 Metaspace       used 86756K, committed 88512K, reserved 1179648K
  class space    used 9845K, committed 10624K, reserved 1048576K
}
Event: 157.809 GC heap before
{Heap before GC invocations=4784 (full 8):
 PSYoungGen      total 2560K, used 1952K [0x00000000eab00000, 0x00000000eae00000, 0x0000000100000000)
  eden space 1536K, 100% used [0x00000000eab00000,0x00000000eac80000,0x00000000eac80000)
  from space 1024K, 40% used [0x00000000eac80000,0x00000000eace8010,0x00000000ead80000)
  to   space 512K, 0% used [0x00000000ead80000,0x00000000ead80000,0x00000000eae00000)
 ParOldGen       total 534528K, used 534038K [0x00000000c0000000, 0x00000000e0a00000, 0x00000000eab00000)
  object space 534528K, 99% used [0x00000000c0000000,0x00000000e0985880,0x00000000e0a00000)
 Metaspace       used 86756K, committed 88512K, reserved 1179648K
  class space    used 9845K, committed 10624K, reserved 1048576K
}
Event: 157.810 GC heap after
{Heap after GC invocations=4784 (full 8):
 PSYoungGen      total 2048K, used 384K [0x00000000eab00000, 0x00000000eae00000, 0x0000000100000000)
  eden space 1536K, 0% used [0x00000000eab00000,0x00000000eab00000,0x00000000eac80000)
  from space 512K, 75% used [0x00000000ead80000,0x00000000eade0010,0x00000000eae00000)
  to   space 512K, 0% used [0x00000000ead00000,0x00000000ead00000,0x00000000ead80000)
 ParOldGen       total 534528K, used 534094K [0x00000000c0000000, 0x00000000e0a00000, 0x00000000eab00000)
  object space 534528K, 99% used [0x00000000c0000000,0x00000000e0993880,0x00000000e0a00000)
 Metaspace       used 86756K, committed 88512K, reserved 1179648K
  class space    used 9845K, committed 10624K, reserved 1048576K
}
Event: 157.815 GC heap before
{Heap before GC invocations=4785 (full 8):
 PSYoungGen      total 2048K, used 1920K [0x00000000eab00000, 0x00000000eae00000, 0x0000000100000000)
  eden space 1536K, 100% used [0x00000000eab00000,0x00000000eac80000,0x00000000eac80000)
  from space 512K, 75% used [0x00000000ead80000,0x00000000eade0010,0x00000000eae00000)
  to   space 512K, 0% used [0x00000000ead00000,0x00000000ead00000,0x00000000ead80000)
 ParOldGen       total 534528K, used 534094K [0x00000000c0000000, 0x00000000e0a00000, 0x00000000eab00000)
  object space 534528K, 99% used [0x00000000c0000000,0x00000000e0993880,0x00000000e0a00000)
 Metaspace       used 86756K, committed 88512K, reserved 1179648K
  class space    used 9845K, committed 10624K, reserved 1048576K
}
Event: 157.817 GC heap after
{Heap after GC invocations=4785 (full 8):
 PSYoungGen      total 2048K, used 473K [0x00000000eab00000, 0x00000000eae00000, 0x0000000100000000)
  eden space 1536K, 0% used [0x00000000eab00000,0x00000000eab00000,0x00000000eac80000)
  from space 512K, 92% used [0x00000000ead00000,0x00000000ead76728,0x00000000ead80000)
  to   space 512K, 0% used [0x00000000ead80000,0x00000000ead80000,0x00000000eae00000)
 ParOldGen       total 534528K, used 534118K [0x00000000c0000000, 0x00000000e0a00000, 0x00000000eab00000)
  object space 534528K, 99% used [0x00000000c0000000,0x00000000e0999880,0x00000000e0a00000)
 Metaspace       used 86756K, committed 88512K, reserved 1179648K
  class space    used 9845K, committed 10624K, reserved 1048576K
}
Event: 157.823 GC heap before
{Heap before GC invocations=4786 (full 8):
 PSYoungGen      total 2048K, used 2009K [0x00000000eab00000, 0x00000000eae00000, 0x0000000100000000)
  eden space 1536K, 100% used [0x00000000eab00000,0x00000000eac80000,0x00000000eac80000)
  from space 512K, 92% used [0x00000000ead00000,0x00000000ead76728,0x00000000ead80000)
  to   space 512K, 0% used [0x00000000ead80000,0x00000000ead80000,0x00000000eae00000)
 ParOldGen       total 534528K, used 534118K [0x00000000c0000000, 0x00000000e0a00000, 0x00000000eab00000)
  object space 534528K, 99% used [0x00000000c0000000,0x00000000e0999880,0x00000000e0a00000)
 Metaspace       used 86756K, committed 88512K, reserved 1179648K
  class space    used 9845K, committed 10624K, reserved 1048576K
}
Event: 157.825 GC heap after
{Heap after GC invocations=4786 (full 8):
 PSYoungGen      total 2048K, used 505K [0x00000000eab00000, 0x00000000eae80000, 0x0000000100000000)
  eden space 1536K, 0% used [0x00000000eab00000,0x00000000eab00000,0x00000000eac80000)
  from space 512K, 98% used [0x00000000ead80000,0x00000000eadfe718,0x00000000eae00000)
  to   space 1024K, 0% used [0x00000000eac80000,0x00000000eac80000,0x00000000ead80000)
 ParOldGen       total 534528K, used 534247K [0x00000000c0000000, 0x00000000e0a00000, 0x00000000eab00000)
  object space 534528K, 99% used [0x00000000c0000000,0x00000000e09b9f98,0x00000000e0a00000)
 Metaspace       used 86756K, committed 88512K, reserved 1179648K
  class space    used 9845K, committed 10624K, reserved 1048576K
}

Dll operation events (15 events):
Event: 0.012 Loaded shared library c:\Users\saran\.vscode\extensions\redhat.java-1.42.0-win32-x64\jre\21.0.7-win32-x86_64\bin\java.dll
Event: 0.067 Loaded shared library c:\Users\saran\.vscode\extensions\redhat.java-1.42.0-win32-x64\jre\21.0.7-win32-x86_64\bin\zip.dll
Event: 0.090 Loaded shared library C:\Users\saran\.vscode\extensions\redhat.java-1.42.0-win32-x64\jre\21.0.7-win32-x86_64\bin\instrument.dll
Event: 0.095 Loaded shared library C:\Users\saran\.vscode\extensions\redhat.java-1.42.0-win32-x64\jre\21.0.7-win32-x86_64\bin\net.dll
Event: 0.098 Loaded shared library C:\Users\saran\.vscode\extensions\redhat.java-1.42.0-win32-x64\jre\21.0.7-win32-x86_64\bin\nio.dll
Event: 0.101 Loaded shared library C:\Users\saran\.vscode\extensions\redhat.java-1.42.0-win32-x64\jre\21.0.7-win32-x86_64\bin\zip.dll
Event: 0.119 Loaded shared library C:\Users\saran\.vscode\extensions\redhat.java-1.42.0-win32-x64\jre\21.0.7-win32-x86_64\bin\jimage.dll
Event: 0.179 Loaded shared library c:\Users\saran\.vscode\extensions\redhat.java-1.42.0-win32-x64\jre\21.0.7-win32-x86_64\bin\verify.dll
Event: 1.233 Loaded shared library C:\Users\saran\AppData\Roaming\Code\User\globalStorage\redhat.java\1.42.0\config_win\org.eclipse.equinox.launcher\org.eclipse.equinox.launcher.win32.win32.x86_64_1.2.1300.v20250331-1702\eclipse_11911.dll
Event: 2.672 Loaded shared library C:\Users\saran\AppData\Local\Temp\jna-109207313\jna13896397325367677032.dll
Event: 5.725 Loaded shared library C:\Users\saran\.gradle\native\1def1411415f61bf3af743bc5b6707747c0891f09f0c88961ee8f79bc544acac\windows-amd64\native-platform.dll
Event: 6.823 Loaded shared library C:\Users\saran\.vscode\extensions\redhat.java-1.42.0-win32-x64\jre\21.0.7-win32-x86_64\bin\management.dll
Event: 6.825 Loaded shared library C:\Users\saran\.vscode\extensions\redhat.java-1.42.0-win32-x64\jre\21.0.7-win32-x86_64\bin\management_ext.dll
Event: 10.595 Loaded shared library C:\Users\saran\.vscode\extensions\redhat.java-1.42.0-win32-x64\jre\21.0.7-win32-x86_64\bin\extnet.dll
Event: 11.022 Loaded shared library C:\Users\saran\.vscode\extensions\redhat.java-1.42.0-win32-x64\jre\21.0.7-win32-x86_64\bin\sunmscapi.dll

Deoptimization events (20 events):
Event: 157.671 Thread 0x000001c1f822ca40 DEOPT PACKING pc=0x000001c1e4e01230 sp=0x00000070d83fdda0
Event: 157.671 Thread 0x000001c1f822ca40 DEOPT UNPACKING pc=0x000001c1e3e53aa2 sp=0x00000070d83fdd08 mode 2
Event: 157.671 Thread 0x000001c1f822ca40 Uncommon trap: trap_request=0xffffffd6 fr.pc=0x000001c1e4e01230 relative=0x0000000000001930
Event: 157.671 Thread 0x000001c1f822ca40 Uncommon trap: reason=array_check action=maybe_recompile pc=0x000001c1e4e01230 method=org.eclipse.core.internal.jobs.ThreadJob.push(Lorg/eclipse/core/runtime/jobs/ISchedulingRule;)V @ 64 c2
Event: 157.671 Thread 0x000001c1f822ca40 DEOPT PACKING pc=0x000001c1e4e01230 sp=0x00000070d83fdda0
Event: 157.671 Thread 0x000001c1f822ca40 DEOPT UNPACKING pc=0x000001c1e3e53aa2 sp=0x00000070d83fdd08 mode 2
Event: 157.671 Thread 0x000001c1f822ca40 Uncommon trap: trap_request=0xffffffd6 fr.pc=0x000001c1e4e01230 relative=0x0000000000001930
Event: 157.671 Thread 0x000001c1f822ca40 Uncommon trap: reason=array_check action=maybe_recompile pc=0x000001c1e4e01230 method=org.eclipse.core.internal.jobs.ThreadJob.push(Lorg/eclipse/core/runtime/jobs/ISchedulingRule;)V @ 64 c2
Event: 157.671 Thread 0x000001c1f822ca40 DEOPT PACKING pc=0x000001c1e4e01230 sp=0x00000070d83fdda0
Event: 157.671 Thread 0x000001c1f822ca40 DEOPT UNPACKING pc=0x000001c1e3e53aa2 sp=0x00000070d83fdd08 mode 2
Event: 157.671 Thread 0x000001c1f822ca40 Uncommon trap: trap_request=0xffffffd6 fr.pc=0x000001c1e4e01230 relative=0x0000000000001930
Event: 157.671 Thread 0x000001c1f822ca40 Uncommon trap: reason=array_check action=maybe_recompile pc=0x000001c1e4e01230 method=org.eclipse.core.internal.jobs.ThreadJob.push(Lorg/eclipse/core/runtime/jobs/ISchedulingRule;)V @ 64 c2
Event: 157.671 Thread 0x000001c1f822ca40 DEOPT PACKING pc=0x000001c1e4e01230 sp=0x00000070d83fdda0
Event: 157.671 Thread 0x000001c1f822ca40 DEOPT UNPACKING pc=0x000001c1e3e53aa2 sp=0x00000070d83fdd08 mode 2
Event: 157.672 Thread 0x000001c1f822ca40 Uncommon trap: trap_request=0xffffffd6 fr.pc=0x000001c1e4dacf20 relative=0x0000000000000340
Event: 157.672 Thread 0x000001c1f822ca40 Uncommon trap: reason=array_check action=maybe_recompile pc=0x000001c1e4dacf20 method=org.eclipse.core.internal.jobs.ThreadJob.push(Lorg/eclipse/core/runtime/jobs/ISchedulingRule;)V @ 64 c2
Event: 157.672 Thread 0x000001c1f822ca40 DEOPT PACKING pc=0x000001c1e4dacf20 sp=0x00000070d83fdd40
Event: 157.672 Thread 0x000001c1f822ca40 DEOPT UNPACKING pc=0x000001c1e3e53aa2 sp=0x00000070d83fdd00 mode 2
Event: 159.820 Thread 0x000001c1f822ca40 DEOPT PACKING pc=0x000001c1dd3bcd9b sp=0x00000070d83fe2d0
Event: 159.820 Thread 0x000001c1f822ca40 DEOPT UNPACKING pc=0x000001c1e3e54242 sp=0x00000070d83fd748 mode 0

Classes loaded (20 events):
Event: 86.843 Loading class java/util/TreeMap$AscendingSubMap$AscendingEntrySetView
Event: 86.843 Loading class java/util/TreeMap$NavigableSubMap$EntrySetView
Event: 86.843 Loading class java/util/TreeMap$NavigableSubMap$EntrySetView done
Event: 86.843 Loading class java/util/TreeMap$AscendingSubMap$AscendingEntrySetView done
Event: 86.843 Loading class java/util/TreeMap$NavigableSubMap$SubMapEntryIterator
Event: 86.844 Loading class java/util/TreeMap$NavigableSubMap$SubMapIterator
Event: 86.844 Loading class java/util/TreeMap$NavigableSubMap$SubMapIterator done
Event: 86.844 Loading class java/util/TreeMap$NavigableSubMap$SubMapEntryIterator done
Event: 141.055 Loading class java/util/concurrent/CompletableFuture$UniApply
Event: 141.056 Loading class java/util/concurrent/CompletableFuture$UniCompletion
Event: 141.056 Loading class java/util/concurrent/CompletableFuture$UniCompletion done
Event: 141.056 Loading class java/util/concurrent/CompletableFuture$UniApply done
Event: 141.058 Loading class java/util/concurrent/CompletableFuture$UniAccept
Event: 141.064 Loading class java/util/concurrent/CompletableFuture$UniAccept done
Event: 141.064 Loading class java/util/concurrent/CompletableFuture$UniExceptionally
Event: 141.064 Loading class java/util/concurrent/CompletableFuture$UniExceptionally done
Event: 152.901 Loading class java/util/Hashtable$ValueCollection
Event: 152.902 Loading class java/util/Hashtable$ValueCollection done
Event: 152.915 Loading class java/util/concurrent/ConcurrentHashMap$KeySpliterator
Event: 152.915 Loading class java/util/concurrent/ConcurrentHashMap$KeySpliterator done

Classes unloaded (7 events):
Event: 3.665 Thread 0x000001c1edb94920 Unloading class 0x000001c1811a5400 'java/lang/invoke/LambdaForm$MH+0x000001c1811a5400'
Event: 3.665 Thread 0x000001c1edb94920 Unloading class 0x000001c1811a5000 'java/lang/invoke/LambdaForm$MH+0x000001c1811a5000'
Event: 3.665 Thread 0x000001c1edb94920 Unloading class 0x000001c1811a4c00 'java/lang/invoke/LambdaForm$MH+0x000001c1811a4c00'
Event: 3.665 Thread 0x000001c1edb94920 Unloading class 0x000001c1811a4800 'java/lang/invoke/LambdaForm$MH+0x000001c1811a4800'
Event: 3.665 Thread 0x000001c1edb94920 Unloading class 0x000001c1811a4400 'java/lang/invoke/LambdaForm$BMH+0x000001c1811a4400'
Event: 3.665 Thread 0x000001c1edb94920 Unloading class 0x000001c1811a4000 'java/lang/invoke/LambdaForm$DMH+0x000001c1811a4000'
Event: 3.665 Thread 0x000001c1edb94920 Unloading class 0x000001c1811a2c00 'java/lang/invoke/LambdaForm$DMH+0x000001c1811a2c00'

Classes redefined (0 events):
No events

Internal exceptions (20 events):
Event: 156.685 Thread 0x000001c1f7dc84d0 Exception <a 'sun/nio/fs/WindowsException'{0x00000000eab05aa8}> (0x00000000eab05aa8) 
thrown [s\src\hotspot\share\prims\jni.cpp, line 520]
Event: 156.685 Thread 0x000001c1f7dc8b60 Exception <a 'sun/nio/fs/WindowsException'{0x00000000eab064c0}> (0x00000000eab064c0) 
thrown [s\src\hotspot\share\prims\jni.cpp, line 520]
Event: 156.685 Thread 0x000001c1f7dc9f10 Exception <a 'sun/nio/fs/WindowsException'{0x00000000eab0bc50}> (0x00000000eab0bc50) 
thrown [s\src\hotspot\share\prims\jni.cpp, line 520]
Event: 156.685 Thread 0x000001c1f7dc7e40 Exception <a 'sun/nio/fs/WindowsException'{0x00000000eab02700}> (0x00000000eab02700) 
thrown [s\src\hotspot\share\prims\jni.cpp, line 520]
Event: 156.686 Thread 0x000001c1f7dc8b60 Exception <a 'sun/nio/fs/WindowsException'{0x00000000eab138a0}> (0x00000000eab138a0) 
thrown [s\src\hotspot\share\prims\jni.cpp, line 520]
Event: 156.686 Thread 0x000001c1f7dcac30 Exception <a 'sun/nio/fs/WindowsException'{0x00000000eab17da8}> (0x00000000eab17da8) 
thrown [s\src\hotspot\share\prims\jni.cpp, line 520]
Event: 156.686 Thread 0x000001c1f7dc91f0 Exception <a 'sun/nio/fs/WindowsException'{0x00000000eab1dea0}> (0x00000000eab1dea0) 
thrown [s\src\hotspot\share\prims\jni.cpp, line 520]
Event: 156.686 Thread 0x000001c1f7dc9f10 Exception <a 'sun/nio/fs/WindowsException'{0x00000000eab1ba30}> (0x00000000eab1ba30) 
thrown [s\src\hotspot\share\prims\jni.cpp, line 520]
Event: 156.687 Thread 0x000001c1f7dc6a90 Exception <a 'sun/nio/fs/WindowsException'{0x00000000eab36648}> (0x00000000eab36648) 
thrown [s\src\hotspot\share\prims\jni.cpp, line 520]
Event: 156.688 Thread 0x000001c1f7dcac30 Exception <a 'sun/nio/fs/WindowsException'{0x00000000eab3c6c0}> (0x00000000eab3c6c0) 
thrown [s\src\hotspot\share\prims\jni.cpp, line 520]
Event: 156.691 Thread 0x000001c1f7dcac30 Exception <a 'sun/nio/fs/WindowsException'{0x00000000eab508c8}> (0x00000000eab508c8) 
thrown [s\src\hotspot\share\prims\jni.cpp, line 520]
Event: 156.692 Thread 0x000001c1f7dc8b60 Exception <a 'sun/nio/fs/WindowsException'{0x00000000eab54af0}> (0x00000000eab54af0) 
thrown [s\src\hotspot\share\prims\jni.cpp, line 520]
Event: 156.692 Thread 0x000001c1f7dc6a90 Exception <a 'sun/nio/fs/WindowsException'{0x00000000eab600b0}> (0x00000000eab600b0) 
thrown [s\src\hotspot\share\prims\jni.cpp, line 520]
Event: 156.693 Thread 0x000001c1f7dc91f0 Exception <a 'sun/nio/fs/WindowsException'{0x00000000eab62d58}> (0x00000000eab62d58) 
thrown [s\src\hotspot\share\prims\jni.cpp, line 520]
Event: 156.693 Thread 0x000001c1f7dcbfe0 Exception <a 'sun/nio/fs/WindowsException'{0x00000000eab608b0}> (0x00000000eab608b0) 
thrown [s\src\hotspot\share\prims\jni.cpp, line 520]
Event: 156.694 Thread 0x000001c1f7dc91f0 Exception <a 'sun/nio/fs/WindowsException'{0x00000000eab6fb88}> (0x00000000eab6fb88) 
thrown [s\src\hotspot\share\prims\jni.cpp, line 520]
Event: 156.698 Thread 0x000001c1f7dc91f0 Exception <a 'sun/nio/fs/WindowsException'{0x00000000eab89cf8}> (0x00000000eab89cf8) 
thrown [s\src\hotspot\share\prims\jni.cpp, line 520]
Event: 156.713 Thread 0x000001c1f822ca40 Exception <a 'sun/nio/fs/WindowsException'{0x00000000eaba7068}> (0x00000000eaba7068) 
thrown [s\src\hotspot\share\prims\jni.cpp, line 520]
Event: 156.714 Thread 0x000001c1f7dcac30 Exception <a 'sun/nio/fs/WindowsException'{0x00000000eab99998}> (0x00000000eab99998) 
thrown [s\src\hotspot\share\prims\jni.cpp, line 520]
Event: 156.714 Thread 0x000001c1f7dca5a0 Exception <a 'sun/nio/fs/WindowsException'{0x00000000eabab988}> (0x00000000eabab988) 
thrown [s\src\hotspot\share\prims\jni.cpp, line 520]

ZGC Phase Switch (0 events):
No events

VM Operations (20 events):
Event: 157.598 Executing VM operation: ParallelGCFailedAllocation (Allocation Failure) done
Event: 157.668 Executing VM operation: ParallelGCFailedAllocation (Allocation Failure)
Event: 157.670 Executing VM operation: ParallelGCFailedAllocation (Allocation Failure) done
Event: 157.685 Executing VM operation: ParallelGCFailedAllocation (Allocation Failure)
Event: 157.687 Executing VM operation: ParallelGCFailedAllocation (Allocation Failure) done
Event: 157.733 Executing VM operation: ParallelGCFailedAllocation (Allocation Failure)
Event: 157.736 Executing VM operation: ParallelGCFailedAllocation (Allocation Failure) done
Event: 157.748 Executing VM operation: ParallelGCFailedAllocation (Allocation Failure)
Event: 157.750 Executing VM operation: ParallelGCFailedAllocation (Allocation Failure) done
Event: 157.760 Executing VM operation: ParallelGCFailedAllocation (Allocation Failure)
Event: 157.763 Executing VM operation: ParallelGCFailedAllocation (Allocation Failure) done
Event: 157.767 Executing VM operation: ParallelGCFailedAllocation (Allocation Failure)
Event: 157.770 Executing VM operation: ParallelGCFailedAllocation (Allocation Failure) done
Event: 157.809 Executing VM operation: ParallelGCFailedAllocation (Allocation Failure)
Event: 157.810 Executing VM operation: ParallelGCFailedAllocation (Allocation Failure) done
Event: 157.815 Executing VM operation: ParallelGCFailedAllocation (Allocation Failure)
Event: 157.817 Executing VM operation: ParallelGCFailedAllocation (Allocation Failure) done
Event: 157.823 Executing VM operation: ParallelGCFailedAllocation (Allocation Failure)
Event: 157.825 Executing VM operation: ParallelGCFailedAllocation (Allocation Failure) done
Event: 157.834 Executing VM operation: ParallelGCFailedAllocation (Allocation Failure)

Memory protections (0 events):
No events

Nmethod flushes (20 events):
Event: 134.763 Thread 0x000001c1edb94920 flushing  nmethod 0x000001c1dd9d6c10
Event: 134.763 Thread 0x000001c1edb94920 flushing  nmethod 0x000001c1ddc07390
Event: 134.763 Thread 0x000001c1edb94920 flushing  nmethod 0x000001c1de239390
Event: 134.763 Thread 0x000001c1edb94920 flushing  nmethod 0x000001c1de239c10
Event: 134.763 Thread 0x000001c1edb94920 flushing  nmethod 0x000001c1de23b790
Event: 134.763 Thread 0x000001c1edb94920 flushing  nmethod 0x000001c1de30a390
Event: 134.763 Thread 0x000001c1edb94920 flushing  nmethod 0x000001c1de7ff010
Event: 134.763 Thread 0x000001c1edb94920 flushing  nmethod 0x000001c1de9b0110
Event: 134.763 Thread 0x000001c1edb94920 flushing  nmethod 0x000001c1dea93310
Event: 134.763 Thread 0x000001c1edb94920 flushing  nmethod 0x000001c1debf7190
Event: 134.763 Thread 0x000001c1edb94920 flushing  nmethod 0x000001c1dec18d90
Event: 134.763 Thread 0x000001c1edb94920 flushing  nmethod 0x000001c1decb3290
Event: 134.763 Thread 0x000001c1edb94920 flushing  nmethod 0x000001c1decf2790
Event: 134.763 Thread 0x000001c1edb94920 flushing  nmethod 0x000001c1decf9110
Event: 134.763 Thread 0x000001c1edb94920 flushing  nmethod 0x000001c1decfbf90
Event: 134.763 Thread 0x000001c1edb94920 flushing  nmethod 0x000001c1decfee10
Event: 134.763 Thread 0x000001c1edb94920 flushing  nmethod 0x000001c1decffa10
Event: 134.763 Thread 0x000001c1edb94920 flushing  nmethod 0x000001c1decfff10
Event: 134.763 Thread 0x000001c1edb94920 flushing  nmethod 0x000001c1ded01890
Event: 134.763 Thread 0x000001c1edb94920 flushing  nmethod 0x000001c1ded03290

Events (20 events):
Event: 152.965 Thread 0x000001c1f611b4e0 Thread added: 0x000001c1fc76f180
Event: 152.976 Thread 0x000001c1f611b4e0 Thread added: 0x000001c1fc76c390
Event: 152.976 Thread 0x000001c1f611b4e0 Thread added: 0x000001c1fc76d0b0
Event: 152.986 Thread 0x000001c1f611b4e0 Thread added: 0x000001c1fc76ca20
Event: 152.992 Thread 0x000001c1f611b4e0 Thread added: 0x000001c1fc76e460
Event: 153.002 Thread 0x000001c1f611b4e0 Thread added: 0x000001c1fc76ddd0
Event: 153.016 Thread 0x000001c1f611b4e0 Thread added: 0x000001c1fc76d740
Event: 153.035 Thread 0x000001c1f611b4e0 Thread added: 0x000001c1fc76eaf0
Event: 153.036 Thread 0x000001c1f611b4e0 Thread added: 0x000001c1f822f830
Event: 153.109 Thread 0x000001c1f611b4e0 Thread added: 0x000001c1f822e480
Event: 153.109 Thread 0x000001c1f611b4e0 Thread added: 0x000001c1f7dcb950
Event: 155.197 Thread 0x000001c1f97504d0 Thread exited: 0x000001c1f97504d0
Event: 155.244 Thread 0x000001c1fa47e210 Thread exited: 0x000001c1fa47e210
Event: 155.547 Thread 0x000001c1d987e1b0 Thread added: 0x000001c1f54eef10
Event: 155.907 Thread 0x000001c1f54eef10 Thread exited: 0x000001c1f54eef10
Event: 156.163 Thread 0x000001c1d9873ec0 Thread added: 0x000001c1f54ee840
Event: 156.671 Thread 0x000001c1f54ee840 Thread exited: 0x000001c1f54ee840
Event: 156.679 Thread 0x000001c1fa47ab90 Thread added: 0x000001c1f54ed3d0
Event: 156.927 Thread 0x000001c1f54ed3d0 Thread added: 0x000001c1f54ee840
Event: 157.033 Thread 0x000001c1f974e990 Thread added: 0x000001c1f54edaa0


Dynamic libraries:
0x00007ff73bde0000 - 0x00007ff73bdee000 	c:\Users\saran\.vscode\extensions\redhat.java-1.42.0-win32-x64\jre\21.0.7-win32-x86_64\bin\java.exe
0x00007fffb1e20000 - 0x00007fffb2085000 	C:\WINDOWS\SYSTEM32\ntdll.dll
0x00007fffb1930000 - 0x00007fffb19f9000 	C:\WINDOWS\System32\KERNEL32.DLL
0x00007fffaf6a0000 - 0x00007fffafa88000 	C:\WINDOWS\System32\KERNELBASE.dll
0x00007fffaf550000 - 0x00007fffaf69b000 	C:\WINDOWS\System32\ucrtbase.dll
0x00007fff95a30000 - 0x00007fff95a48000 	c:\Users\saran\.vscode\extensions\redhat.java-1.42.0-win32-x64\jre\21.0.7-win32-x86_64\bin\jli.dll
0x00007fff955e0000 - 0x00007fff955fe000 	c:\Users\saran\.vscode\extensions\redhat.java-1.42.0-win32-x64\jre\21.0.7-win32-x86_64\bin\VCRUNTIME140.dll
0x00007fffb1bc0000 - 0x00007fffb1d8a000 	C:\WINDOWS\System32\USER32.dll
0x00007fffaf020000 - 0x00007fffaf047000 	C:\WINDOWS\System32\win32u.dll
0x00007fffb1320000 - 0x00007fffb134b000 	C:\WINDOWS\System32\GDI32.dll
0x00007fffaf410000 - 0x00007fffaf547000 	C:\WINDOWS\System32\gdi32full.dll
0x00007fff8db40000 - 0x00007fff8ddda000 	C:\WINDOWS\WinSxS\amd64_microsoft.windows.common-controls_6595b64144ccf1df_6.0.26100.4202_none_3e0698d4e335f517\COMCTL32.dll
0x00007fffaef70000 - 0x00007fffaf013000 	C:\WINDOWS\System32\msvcp_win.dll
0x00007fffb0eb0000 - 0x00007fffb0f59000 	C:\WINDOWS\System32\msvcrt.dll
0x00007fffb1a00000 - 0x00007fffb1a30000 	C:\WINDOWS\System32\IMM32.DLL
0x00007fffa9410000 - 0x00007fffa941c000 	c:\Users\saran\.vscode\extensions\redhat.java-1.42.0-win32-x64\jre\21.0.7-win32-x86_64\bin\vcruntime140_1.dll
0x00007fff58ec0000 - 0x00007fff58f4d000 	c:\Users\saran\.vscode\extensions\redhat.java-1.42.0-win32-x64\jre\21.0.7-win32-x86_64\bin\msvcp140.dll
0x00007ffee3ca0000 - 0x00007ffee4a30000 	c:\Users\saran\.vscode\extensions\redhat.java-1.42.0-win32-x64\jre\21.0.7-win32-x86_64\bin\server\jvm.dll
0x00007fffafc50000 - 0x00007fffafd03000 	C:\WINDOWS\System32\ADVAPI32.dll
0x00007fffb11f0000 - 0x00007fffb1296000 	C:\WINDOWS\System32\sechost.dll
0x00007fffb0570000 - 0x00007fffb0685000 	C:\WINDOWS\System32\RPCRT4.dll
0x00007fffb12a0000 - 0x00007fffb1314000 	C:\WINDOWS\System32\WS2_32.dll
0x00007fffadb90000 - 0x00007fffadbee000 	C:\WINDOWS\SYSTEM32\POWRPROF.dll
0x00007fff990f0000 - 0x00007fff99125000 	C:\WINDOWS\SYSTEM32\WINMM.dll
0x00007fffa52d0000 - 0x00007fffa52db000 	C:\WINDOWS\SYSTEM32\VERSION.dll
0x00007fffadb70000 - 0x00007fffadb84000 	C:\WINDOWS\SYSTEM32\UMPDC.dll
0x00007fffade50000 - 0x00007fffade6b000 	C:\WINDOWS\SYSTEM32\kernel.appcore.dll
0x00007fff9fe50000 - 0x00007fff9fe5a000 	c:\Users\saran\.vscode\extensions\redhat.java-1.42.0-win32-x64\jre\21.0.7-win32-x86_64\bin\jimage.dll
0x00007fffac7b0000 - 0x00007fffac9f1000 	C:\WINDOWS\SYSTEM32\DBGHELP.DLL
0x00007fffb0690000 - 0x00007fffb0a15000 	C:\WINDOWS\System32\combase.dll
0x00007fffb13c0000 - 0x00007fffb14a1000 	C:\WINDOWS\System32\OLEAUT32.dll
0x00007fff8a730000 - 0x00007fff8a769000 	C:\WINDOWS\SYSTEM32\dbgcore.DLL
0x00007fffafb20000 - 0x00007fffafbb9000 	C:\WINDOWS\System32\bcryptPrimitives.dll
0x00007fff702d0000 - 0x00007fff702df000 	c:\Users\saran\.vscode\extensions\redhat.java-1.42.0-win32-x64\jre\21.0.7-win32-x86_64\bin\instrument.dll
0x00007fff8dfd0000 - 0x00007fff8dfef000 	c:\Users\saran\.vscode\extensions\redhat.java-1.42.0-win32-x64\jre\21.0.7-win32-x86_64\bin\java.dll
0x00007fffafe20000 - 0x00007fffb0562000 	C:\WINDOWS\System32\SHELL32.dll
0x00007fffaf050000 - 0x00007fffaf1c4000 	C:\WINDOWS\System32\wintypes.dll
0x00007fffacbd0000 - 0x00007fffad427000 	C:\WINDOWS\SYSTEM32\windows.storage.dll
0x00007fffafd20000 - 0x00007fffafe11000 	C:\WINDOWS\System32\SHCORE.dll
0x00007fffb1350000 - 0x00007fffb13ba000 	C:\WINDOWS\System32\shlwapi.dll
0x00007fffaee80000 - 0x00007fffaeeaf000 	C:\WINDOWS\SYSTEM32\profapi.dll
0x00007fff9fe20000 - 0x00007fff9fe38000 	c:\Users\saran\.vscode\extensions\redhat.java-1.42.0-win32-x64\jre\21.0.7-win32-x86_64\bin\zip.dll
0x00007fff9bce0000 - 0x00007fff9bcf0000 	C:\Users\saran\.vscode\extensions\redhat.java-1.42.0-win32-x64\jre\21.0.7-win32-x86_64\bin\net.dll
0x00007fffa76b0000 - 0x00007fffa77ce000 	C:\WINDOWS\SYSTEM32\WINHTTP.dll
0x00007fffae3c0000 - 0x00007fffae42a000 	C:\WINDOWS\system32\mswsock.dll
0x00007fff7a6e0000 - 0x00007fff7a6f6000 	C:\Users\saran\.vscode\extensions\redhat.java-1.42.0-win32-x64\jre\21.0.7-win32-x86_64\bin\nio.dll
0x00007fff6f370000 - 0x00007fff6f380000 	c:\Users\saran\.vscode\extensions\redhat.java-1.42.0-win32-x64\jre\21.0.7-win32-x86_64\bin\verify.dll
0x00007fff57ea0000 - 0x00007fff57ee5000 	C:\Users\saran\AppData\Roaming\Code\User\globalStorage\redhat.java\1.42.0\config_win\org.eclipse.equinox.launcher\org.eclipse.equinox.launcher.win32.win32.x86_64_1.2.1300.v20250331-1702\eclipse_11911.dll
0x00007fffb14b0000 - 0x00007fffb164e000 	C:\WINDOWS\System32\ole32.dll
0x00007fffae670000 - 0x00007fffae68b000 	C:\WINDOWS\SYSTEM32\CRYPTSP.dll
0x00007fffaddb0000 - 0x00007fffaddea000 	C:\WINDOWS\system32\rsaenh.dll
0x00007fffae460000 - 0x00007fffae48b000 	C:\WINDOWS\SYSTEM32\USERENV.dll
0x00007fffaee50000 - 0x00007fffaee76000 	C:\WINDOWS\SYSTEM32\bcrypt.dll
0x00007fffae690000 - 0x00007fffae69c000 	C:\WINDOWS\SYSTEM32\CRYPTBASE.dll
0x00007fffad820000 - 0x00007fffad853000 	C:\WINDOWS\SYSTEM32\IPHLPAPI.DLL
0x00007fffb1dd0000 - 0x00007fffb1dda000 	C:\WINDOWS\System32\NSI.dll
0x00007fff53040000 - 0x00007fff53089000 	C:\Users\saran\AppData\Local\Temp\jna-109207313\jna13896397325367677032.dll
0x00007fffafd10000 - 0x00007fffafd18000 	C:\WINDOWS\System32\PSAPI.DLL
0x00007fffa8d70000 - 0x00007fffa8d8f000 	C:\WINDOWS\SYSTEM32\dhcpcsvc6.DLL
0x00007fffa8d40000 - 0x00007fffa8d65000 	C:\WINDOWS\SYSTEM32\dhcpcsvc.DLL
0x00007fff845e0000 - 0x00007fff84607000 	C:\Users\saran\.gradle\native\1def1411415f61bf3af743bc5b6707747c0891f09f0c88961ee8f79bc544acac\windows-amd64\native-platform.dll
0x00007fff951b0000 - 0x00007fff951ba000 	C:\Users\saran\.vscode\extensions\redhat.java-1.42.0-win32-x64\jre\21.0.7-win32-x86_64\bin\management.dll
0x00007fff877a0000 - 0x00007fff877ab000 	C:\Users\saran\.vscode\extensions\redhat.java-1.42.0-win32-x64\jre\21.0.7-win32-x86_64\bin\management_ext.dll
0x00007fff755e0000 - 0x00007fff755e9000 	C:\Users\saran\.vscode\extensions\redhat.java-1.42.0-win32-x64\jre\21.0.7-win32-x86_64\bin\extnet.dll
0x00007fff77f30000 - 0x00007fff77f3e000 	C:\Users\saran\.vscode\extensions\redhat.java-1.42.0-win32-x64\jre\21.0.7-win32-x86_64\bin\sunmscapi.dll
0x00007fffaf1d0000 - 0x00007fffaf347000 	C:\WINDOWS\System32\CRYPT32.dll
0x00007fffae890000 - 0x00007fffae8c0000 	C:\WINDOWS\SYSTEM32\ncrypt.dll
0x00007fffae840000 - 0x00007fffae87f000 	C:\WINDOWS\SYSTEM32\NTASN1.dll
0x00007fff77fb0000 - 0x00007fff77fb8000 	C:\WINDOWS\system32\wshunix.dll
0x00007fffad8c0000 - 0x00007fffad9e7000 	C:\WINDOWS\SYSTEM32\DNSAPI.dll
0x00007fffa52e0000 - 0x00007fffa52eb000 	C:\Windows\System32\rasadhlp.dll
0x00007fffa9020000 - 0x00007fffa90a6000 	C:\WINDOWS\System32\fwpuclnt.dll

dbghelp: loaded successfully - version: 4.0.5 - missing functions: none
symbol engine: initialized successfully - sym options: 0x614 - pdb path: .;c:\Users\saran\.vscode\extensions\redhat.java-1.42.0-win32-x64\jre\21.0.7-win32-x86_64\bin;C:\WINDOWS\SYSTEM32;C:\WINDOWS\WinSxS\amd64_microsoft.windows.common-controls_6595b64144ccf1df_6.0.26100.4202_none_3e0698d4e335f517;c:\Users\saran\.vscode\extensions\redhat.java-1.42.0-win32-x64\jre\21.0.7-win32-x86_64\bin\server;C:\Users\saran\AppData\Roaming\Code\User\globalStorage\redhat.java\1.42.0\config_win\org.eclipse.equinox.launcher\org.eclipse.equinox.launcher.win32.win32.x86_64_1.2.1300.v20250331-1702;C:\Users\saran\AppData\Local\Temp\jna-109207313;C:\Users\saran\.gradle\native\1def1411415f61bf3af743bc5b6707747c0891f09f0c88961ee8f79bc544acac\windows-amd64

VM Arguments:
jvm_args: --add-modules=ALL-SYSTEM --add-opens=java.base/java.util=ALL-UNNAMED --add-opens=java.base/java.lang=ALL-UNNAMED --add-opens=java.base/sun.nio.fs=ALL-UNNAMED -Declipse.application=org.eclipse.jdt.ls.core.id1 -Dosgi.bundles.defaultStartLevel=4 -Declipse.product=org.eclipse.jdt.ls.core.product -Djava.import.generatesMetadataFilesAtProjectRoot=false -DDetectVMInstallationsJob.disabled=true -Dfile.encoding=utf8 -XX:+UseParallelGC -XX:GCTimeRatio=4 -XX:AdaptiveSizePolicyWeight=90 -Dsun.zip.disableMemoryMapping=true -Xmx1G -Xms100m -Xlog:disable -javaagent:c:\Users\saran\.vscode\extensions\redhat.java-1.42.0-win32-x64\lombok\lombok-1.18.36.jar -XX:+HeapDumpOnOutOfMemoryError -XX:HeapDumpPath=c:\Users\saran\AppData\Roaming\Code\User\workspaceStorage\4ac2d57bae7510eca3660814858d084f\redhat.java -Daether.dependencyCollector.impl=bf 
java_command: c:\Users\saran\.vscode\extensions\redhat.java-1.42.0-win32-x64\server\plugins\org.eclipse.equinox.launcher_1.7.0.v20250424-1814.jar -configuration c:\Users\saran\AppData\Roaming\Code\User\globalStorage\redhat.java\1.42.0\config_win -data c:\Users\saran\AppData\Roaming\Code\User\workspaceStorage\4ac2d57bae7510eca3660814858d084f\redhat.java\jdt_ws --pipe=\\.\pipe\lsp-0ff899c98b99f82b6dfc2c126347b7d1-sock
java_class_path (initial): c:\Users\saran\.vscode\extensions\redhat.java-1.42.0-win32-x64\server\plugins\org.eclipse.equinox.launcher_1.7.0.v20250424-1814.jar
Launcher Type: SUN_STANDARD

[Global flags]
    uintx AdaptiveSizePolicyWeight                 = 90                                        {product} {command line}
     intx CICompilerCount                          = 12                                        {product} {ergonomic}
    uintx GCTimeRatio                              = 4                                         {product} {command line}
     bool HeapDumpOnOutOfMemoryError               = true                                   {manageable} {command line}
    ccstr HeapDumpPath                             = c:\Users\saran\AppData\Roaming\Code\User\workspaceStorage\4ac2d57bae7510eca3660814858d084f\redhat.java         {manageable} {command line}
   size_t InitialHeapSize                          = 104857600                                 {product} {command line}
   size_t MaxHeapSize                              = 1073741824                                {product} {command line}
   size_t MaxNewSize                               = 357564416                                 {product} {ergonomic}
   size_t MinHeapDeltaBytes                        = 524288                                    {product} {ergonomic}
   size_t MinHeapSize                              = 104857600                                 {product} {command line}
   size_t NewSize                                  = 34603008                                  {product} {ergonomic}
    uintx NonNMethodCodeHeapSize                   = 7602480                                {pd product} {ergonomic}
    uintx NonProfiledCodeHeapSize                  = 122027880                              {pd product} {ergonomic}
   size_t OldSize                                  = 70254592                                  {product} {ergonomic}
    uintx ProfiledCodeHeapSize                     = 122027880                              {pd product} {ergonomic}
    uintx ReservedCodeCacheSize                    = 251658240                              {pd product} {ergonomic}
     bool SegmentedCodeCache                       = true                                      {product} {ergonomic}
   size_t SoftMaxHeapSize                          = 1073741824                             {manageable} {ergonomic}
     bool UseCompressedOops                        = true                           {product lp64_product} {ergonomic}
     bool UseLargePagesIndividualAllocation        = false                                  {pd product} {ergonomic}
     bool UseParallelGC                            = true                                      {product} {command line}

Logging:
Log output configuration:
 #0: stdout all=off uptime,level,tags foldmultilines=false
 #1: stderr all=off uptime,level,tags foldmultilines=false

Environment Variables:
PATH=C:\app\saran\product\23ai\dbhomeFree\bin;C:\app\saran\product\21c\dbhomeXE\bin;C:\Python313\Scripts\;C:\Python313\;C:\Program Files\Microsoft\jdk-17.0.13.11-hotspot\bin;C:\Windows\system32;C:\Windows;C:\Windows\System32\Wbem;C:\Windows\System32\WindowsPowerShell\v1.0\;C:\Windows\System32\OpenSSH\;C:\Program Files (x86)\NVIDIA Corporation\PhysX\Common;C:\Program Files\NVIDIA Corporation\NVIDIA NvDLISR;C:\WINDOWS\system32;C:\WINDOWS;C:\WINDOWS\System32\Wbem;C:\WINDOWS\System32\WindowsPowerShell\v1.0\;C:\WINDOWS\System32\OpenSSH\;C:\ProgramData\chocolatey\bin;C:\Users\saran\AppData\Local\Android\Sdk\platform-tools;C:\Program Files\Git\cmd;C:\Users\saran\AppData\Local\Android\Sdk;C:\Users\saran\AppData\Local\Android\Sdk\emulator;C:\Program Files\Go\bin;C:\Users\saran\.cargo\bin\rustc.exe;C:\Users\saran\AppData\Local\Android\Sdk\platforms;C:\Users\saran\AppData\Local\Android\Sdk\tools;C:\Users\saran\AppData\Local\Android\Sdk\ndk;C:\Users\saran\AppData\Roaming\nvm;C:\Program Files\nodejs;C:\Users\saran\.m2\repository\org\aspectj\aspectjweaver\1.8.9\apache-maven-3.9.9-bin\apache-maven-3.9.9\bin;C:\TDM-GCC-64\bin;C:\Program Files\MySQL\MySQL Shell 9.2\bin;C:\Program Files\Java\jdk-17\bin;C:\Program Files\Docker\Docker\resources\bin;C:\Program Files\nodejs\;C:\Program Files\MySQL\MySQL Shell 8.0\bin\;C:\Users\saran\.cargo\bin;C:\Users\saran\AppData\Local\Android\Sdk\tools;C:\Users\saran\AppData\Local\Programs\Python\Python311\;C:\Users\saran\AppData\Local\Programs\Python\Python313\;C:\Users\saran\.console-ninja\.bin;C:\Users\saran\AppData\Local\Microsoft\WindowsApps;C:\Users\saran\AppData\Local\Microsoft\WindowsApps;C:\Program Files\JetBrains\IntelliJ IDEA 2024.2.4\bin;;C:\Program Files\JetBrains\IntelliJ IDEA Community Edition 2024.2.4\bin;;C:\Users\saran\AppData\Local\Android\Sdk;C:\Users\saran\AppData\Local\Android\Sdk\platform-tools;C:\Users\saran\AppData\Local\Android\Sdk\emulator;C:\Users\saran\AppData\Local\Programs\Microsoft VS Code\bin;C:\Users\saran\AppData\Local\Programs\mongosh\;C:\Program Files\Java\jdk-21\bin;C:\php;C:\Users\saran\go\bin;C:\Users\saran\AppData\Local\Programs\Python\Python311\Scripts;C:\Users\saran\AppData\Roaming\nvm;C:\Program Files\nodejs;C:\TDM-GCC-64\bin;C:\Program Files\MySQL\MySQL Shell 9.2\bin;C:\Users\saran\AppData\Roaming\npm
USERNAME=saran
OS=Windows_NT
PROCESSOR_IDENTIFIER=Intel64 Family 6 Model 154 Stepping 3, GenuineIntel
TMP=C:\Users\saran\AppData\Local\Temp
TEMP=C:\Users\saran\AppData\Local\Temp




Periodic native trim disabled

---------------  S Y S T E M  ---------------

OS:
 Windows 11 , 64 bit Build 26100 (10.0.26100.4202)
OS uptime: 0 days 3:16 hours
Hyper-V role detected

CPU: total 16 (initial active 16) (8 cores per cpu, 2 threads per core) family 6 model 154 stepping 3 microcode 0x42a, cx8, cmov, fxsr, ht, mmx, 3dnowpref, sse, sse2, sse3, ssse3, sse4.1, sse4.2, popcnt, lzcnt, tsc, tscinvbit, avx, avx2, aes, erms, clmul, bmi1, bmi2, adx, sha, fma, vzeroupper, clflush, clflushopt, clwb, hv, serialize, rdtscp, rdpid, fsrm, f16c, cet_ibt, cet_ss
Processor Information for processor 0
  Max Mhz: 1700, Current Mhz: 1700, Mhz Limit: 1700
Processor Information for processor 1
  Max Mhz: 1700, Current Mhz: 1700, Mhz Limit: 1700
Processor Information for processor 2
  Max Mhz: 1700, Current Mhz: 1700, Mhz Limit: 1700
Processor Information for processor 3
  Max Mhz: 1700, Current Mhz: 1700, Mhz Limit: 1700
Processor Information for processor 4
  Max Mhz: 1700, Current Mhz: 1700, Mhz Limit: 1700
Processor Information for processor 5
  Max Mhz: 1700, Current Mhz: 1700, Mhz Limit: 1700
Processor Information for processor 6
  Max Mhz: 1700, Current Mhz: 1700, Mhz Limit: 1700
Processor Information for processor 7
  Max Mhz: 1700, Current Mhz: 1700, Mhz Limit: 1700
Processor Information for processor 8
  Max Mhz: 1700, Current Mhz: 1200, Mhz Limit: 1190
Processor Information for processor 9
  Max Mhz: 1700, Current Mhz: 1200, Mhz Limit: 1190
Processor Information for processor 10
  Max Mhz: 1700, Current Mhz: 1200, Mhz Limit: 1190
Processor Information for processor 11
  Max Mhz: 1700, Current Mhz: 1200, Mhz Limit: 1190
Processor Information for processor 12
  Max Mhz: 1700, Current Mhz: 1200, Mhz Limit: 1190
Processor Information for processor 13
  Max Mhz: 1700, Current Mhz: 1200, Mhz Limit: 1190
Processor Information for processor 14
  Max Mhz: 1700, Current Mhz: 1200, Mhz Limit: 1190
Processor Information for processor 15
  Max Mhz: 1700, Current Mhz: 1200, Mhz Limit: 1190

Memory: 4k page, system-wide physical 16088M (949M free)
TotalPageFile size 25787M (AvailPageFile size 5M)
current process WorkingSet (physical memory assigned to process): 798M, peak: 1167M
current process commit charge ("private bytes"): 924M, peak: 1089M

vm_info: OpenJDK 64-Bit Server VM (21.0.7+6-LTS) for windows-amd64 JRE (21.0.7+6-LTS), built on 2025-04-15T00:00:00Z by "admin" with MS VC++ 17.7 (VS2022)

END.
