#
# There is insufficient memory for the Java Runtime Environment to continue.
# Native memory allocation (malloc) failed to allocate 32744 bytes. Error detail: ChunkPool::allocate
# Possible reasons:
#   The system is out of physical RAM or swap space
#   This process is running with CompressedOops enabled, and the Java Heap may be blocking the growth of the native heap
# Possible solutions:
#   Reduce memory load on the system
#   Increase physical memory or swap space
#   Check if swap backing store is full
#   Decrease Java heap size (-Xmx/-Xms)
#   Decrease number of Java threads
#   Decrease Java thread stack sizes (-Xss)
#   Set larger code cache with -XX:ReservedCodeCacheSize=
#   JVM is running with Unscaled Compressed Oops mode in which the Java heap is
#     placed in the first 4GB address space. The Java Heap base address is the
#     maximum limit for the native heap growth. Please use -XX:HeapBaseMinAddress
#     to set the Java Heap base and to place the Java Heap above 4GB virtual address.
# This output file may be truncated or incomplete.
#
#  Out of Memory Error (arena.cpp:79), pid=29436, tid=14744
#
# JRE version: OpenJDK Runtime Environment Microsoft-10376486 (17.0.13+11) (build 17.0.13+11-LTS)
# Java VM: OpenJDK 64-Bit Server VM Microsoft-10376486 (17.0.13+11-LTS, mixed mode, sharing, tiered, compressed oops, compressed class ptrs, g1 gc, windows-amd64)
# No core dump will be written. Minidumps are not enabled by default on client versions of Windows
#

---------------  S U M M A R Y ------------

Command Line: -Xmx64m -Xms64m -Dorg.gradle.appname=gradlew org.gradle.wrapper.GradleWrapperMain app:installDebug -PreactNativeDevServerPort=8081

Host: 12th Gen Intel(R) Core(TM) i5-1240P, 16 cores, 15G,  Windows 11 , 64 bit Build 26100 (10.0.26100.3912)
Time: Tue May 27 21:37:38 2025 India Standard Time elapsed time: 41.716604 seconds (0d 0h 0m 41s)

---------------  T H R E A D  ---------------

Current thread (0x0000027c51369780):  JavaThread "C1 CompilerThread0" daemon [_thread_in_native, id=14744, stack(0x000000a0ed800000,0x000000a0ed900000)]


Current CompileTask:
C1:  41716 1994   !   3       java.util.concurrent.ScheduledThreadPoolExecutor$DelayedWorkQueue::take (203 bytes)

Stack: [0x000000a0ed800000,0x000000a0ed900000]
Native frames: (J=compiled Java code, j=interpreted, Vv=VM code, C=native code)
V  [jvm.dll+0x687fc9]
V  [jvm.dll+0x83eeb8]
V  [jvm.dll+0x840963]
V  [jvm.dll+0x840fd3]
V  [jvm.dll+0x24951f]
V  [jvm.dll+0xad2cc]
V  [jvm.dll+0xad75c]
V  [jvm.dll+0x1771aa]
V  [jvm.dll+0x177e72]
V  [jvm.dll+0x177f2e]
V  [jvm.dll+0x17a5a6]
V  [jvm.dll+0x17bf51]
V  [jvm.dll+0x1367f3]
V  [jvm.dll+0x1360bf]
V  [jvm.dll+0x136308]
V  [jvm.dll+0x135771]
V  [jvm.dll+0x13746d]
V  [jvm.dll+0x22a1ca]
V  [jvm.dll+0x22830b]
V  [jvm.dll+0x7f4708]
V  [jvm.dll+0x7eea6c]
V  [jvm.dll+0x686ea7]
C  [ucrtbase.dll+0x37b0]
C  [KERNEL32.DLL+0x2e8d7]
C  [ntdll.dll+0x9c5dc]


---------------  P R O C E S S  ---------------

Threads class SMR info:
_java_thread_list=0x0000027c51355940, length=16, elements={
0x0000027c36e8d130, 0x0000027c5133e7f0, 0x0000027c5133ff20, 0x0000027c5135ca70,
0x0000027c5135f440, 0x0000027c51360970, 0x0000027c51364650, 0x0000027c51367090,
0x0000027c51369780, 0x0000027c5136e310, 0x0000027c5151f390, 0x0000027c51525100,
0x0000027c97d74800, 0x0000027c97c3d830, 0x0000027c977ad010, 0x0000027c977ad530
}

Java Threads: ( => current thread )
  0x0000027c36e8d130 JavaThread "main" [_thread_in_native, id=19232, stack(0x000000a0eca00000,0x000000a0ecb00000)]
  0x0000027c5133e7f0 JavaThread "Reference Handler" daemon [_thread_blocked, id=16732, stack(0x000000a0ed100000,0x000000a0ed200000)]
  0x0000027c5133ff20 JavaThread "Finalizer" daemon [_thread_blocked, id=28088, stack(0x000000a0ed200000,0x000000a0ed300000)]
  0x0000027c5135ca70 JavaThread "Signal Dispatcher" daemon [_thread_blocked, id=20864, stack(0x000000a0ed300000,0x000000a0ed400000)]
  0x0000027c5135f440 JavaThread "Attach Listener" daemon [_thread_blocked, id=28336, stack(0x000000a0ed400000,0x000000a0ed500000)]
  0x0000027c51360970 JavaThread "Service Thread" daemon [_thread_blocked, id=23684, stack(0x000000a0ed500000,0x000000a0ed600000)]
  0x0000027c51364650 JavaThread "Monitor Deflation Thread" daemon [_thread_blocked, id=23332, stack(0x000000a0ed600000,0x000000a0ed700000)]
  0x0000027c51367090 JavaThread "C2 CompilerThread0" daemon [_thread_blocked, id=20720, stack(0x000000a0ed700000,0x000000a0ed800000)]
=>0x0000027c51369780 JavaThread "C1 CompilerThread0" daemon [_thread_in_native, id=14744, stack(0x000000a0ed800000,0x000000a0ed900000)]
  0x0000027c5136e310 JavaThread "Sweeper thread" daemon [_thread_blocked, id=10932, stack(0x000000a0ed900000,0x000000a0eda00000)]
  0x0000027c5151f390 JavaThread "Notification Thread" daemon [_thread_blocked, id=24716, stack(0x000000a0edb00000,0x000000a0edc00000)]
  0x0000027c51525100 JavaThread "Common-Cleaner" daemon [_thread_blocked, id=29948, stack(0x000000a0edd00000,0x000000a0ede00000)]
  0x0000027c97d74800 JavaThread "pool-1-thread-1" [_thread_blocked, id=29156, stack(0x000000a0ee500000,0x000000a0ee600000)]
  0x0000027c97c3d830 JavaThread "C1 CompilerThread1" daemon [_thread_blocked, id=25440, stack(0x000000a0ee400000,0x000000a0ee500000)]
  0x0000027c977ad010 JavaThread "C1 CompilerThread2" daemon [_thread_blocked, id=22684, stack(0x000000a0ee800000,0x000000a0ee900000)]
  0x0000027c977ad530 JavaThread "C1 CompilerThread3" daemon [_thread_blocked, id=22544, stack(0x000000a0ee900000,0x000000a0eea00000)]

Other Threads:
  0x0000027c51338b70 VMThread "VM Thread" [stack: 0x000000a0ed000000,0x000000a0ed100000] [id=30856]
  0x0000027c51520880 WatcherThread [stack: 0x000000a0edc00000,0x000000a0edd00000] [id=28340]
  0x0000027c36eb0d10 GCTaskThread "GC Thread#0" [stack: 0x000000a0ecb00000,0x000000a0ecc00000] [id=28328]
  0x0000027c97108c70 GCTaskThread "GC Thread#1" [stack: 0x000000a0ee000000,0x000000a0ee100000] [id=30092]
  0x0000027c970cf820 GCTaskThread "GC Thread#2" [stack: 0x000000a0ee100000,0x000000a0ee200000] [id=15852]
  0x0000027c97088600 GCTaskThread "GC Thread#3" [stack: 0x000000a0ee200000,0x000000a0ee300000] [id=29904]
  0x0000027c9815b480 GCTaskThread "GC Thread#4" [stack: 0x000000a0ede00000,0x000000a0edf00000] [id=16004]
  0x0000027c97714740 GCTaskThread "GC Thread#5" [stack: 0x000000a0edf00000,0x000000a0ee000000] [id=19744]
  0x0000027c980a2040 GCTaskThread "GC Thread#6" [stack: 0x000000a0ee600000,0x000000a0ee700000] [id=17232]
  0x0000027c36eb2460 ConcurrentGCThread "G1 Main Marker" [stack: 0x000000a0ecc00000,0x000000a0ecd00000] [id=28176]
  0x0000027c36eb2e80 ConcurrentGCThread "G1 Conc#0" [stack: 0x000000a0ecd00000,0x000000a0ece00000] [id=25952]
  0x0000027c36f2bb50 ConcurrentGCThread "G1 Refine#0" [stack: 0x000000a0ece00000,0x000000a0ecf00000] [id=24012]
  0x0000027c36f2c580 ConcurrentGCThread "G1 Service" [stack: 0x000000a0ecf00000,0x000000a0ed000000] [id=17496]

Threads with active compile tasks:
C1 CompilerThread0    44748 1994   !   3       java.util.concurrent.ScheduledThreadPoolExecutor$DelayedWorkQueue::take (203 bytes)

VM state: not at safepoint (normal execution)

VM Mutex/Monitor currently owned by a thread: None

Heap address: 0x00000000fc000000, size: 64 MB, Compressed Oops mode: 32-bit

CDS archive(s) mapped at: [0x0000027c52000000-0x0000027c52bb0000-0x0000027c52bb0000), size 12255232, SharedBaseAddress: 0x0000027c52000000, ArchiveRelocationMode: 1.
Compressed class space mapped at: 0x0000027c53000000-0x0000027c93000000, reserved size: 1073741824
Narrow klass base: 0x0000027c52000000, Narrow klass shift: 0, Narrow klass range: 0x100000000

GC Precious Log:
 CPUs: 16 total, 16 available
 Memory: 16088M
 Large Page Support: Disabled
 NUMA Support: Disabled
 Compressed Oops: Enabled (32-bit)
 Heap Region Size: 1M
 Heap Min Capacity: 64M
 Heap Initial Capacity: 64M
 Heap Max Capacity: 64M
 Pre-touch: Disabled
 Parallel Workers: 13
 Concurrent Workers: 3
 Concurrent Refinement Workers: 13
 Periodic GC: Disabled

Heap:
 garbage-first heap   total 65536K, used 17285K [0x00000000fc000000, 0x0000000100000000)
  region size 1024K, 12 young (12288K), 5 survivors (5120K)
 Metaspace       used 9640K, committed 9856K, reserved 1114112K
  class space    used 1260K, committed 1344K, reserved 1048576K

Heap Regions: E=young(eden), S=young(survivor), O=old, HS=humongous(starts), HC=humongous(continues), CS=collection set, F=free, OA=open archive, CA=closed archive, TAMS=top-at-mark-start (previous, next)
|   0|0x00000000fc000000, 0x00000000fc100000, 0x00000000fc100000|100%|HS|  |TAMS 0x00000000fc000000, 0x00000000fc000000| Complete 
|   1|0x00000000fc100000, 0x00000000fc200000, 0x00000000fc200000|100%|HC|  |TAMS 0x00000000fc100000, 0x00000000fc100000| Complete 
|   2|0x00000000fc200000, 0x00000000fc300000, 0x00000000fc300000|100%|HC|  |TAMS 0x00000000fc200000, 0x00000000fc200000| Complete 
|   3|0x00000000fc300000, 0x00000000fc400000, 0x00000000fc400000|100%| O|  |TAMS 0x00000000fc300000, 0x00000000fc300000| Untracked 
|   4|0x00000000fc400000, 0x00000000fc500000, 0x00000000fc500000|100%| O|  |TAMS 0x00000000fc400000, 0x00000000fc400000| Untracked 
|   5|0x00000000fc500000, 0x00000000fc5e1400, 0x00000000fc600000| 87%| O|  |TAMS 0x00000000fc500000, 0x00000000fc500000| Untracked 
|   6|0x00000000fc600000, 0x00000000fc600000, 0x00000000fc700000|  0%| F|  |TAMS 0x00000000fc600000, 0x00000000fc600000| Untracked 
|   7|0x00000000fc700000, 0x00000000fc700000, 0x00000000fc800000|  0%| F|  |TAMS 0x00000000fc700000, 0x00000000fc700000| Untracked 
|   8|0x00000000fc800000, 0x00000000fc800000, 0x00000000fc900000|  0%| F|  |TAMS 0x00000000fc800000, 0x00000000fc800000| Untracked 
|   9|0x00000000fc900000, 0x00000000fc900000, 0x00000000fca00000|  0%| F|  |TAMS 0x00000000fc900000, 0x00000000fc900000| Untracked 
|  10|0x00000000fca00000, 0x00000000fca00000, 0x00000000fcb00000|  0%| F|  |TAMS 0x00000000fca00000, 0x00000000fca00000| Untracked 
|  11|0x00000000fcb00000, 0x00000000fcb00000, 0x00000000fcc00000|  0%| F|  |TAMS 0x00000000fcb00000, 0x00000000fcb00000| Untracked 
|  12|0x00000000fcc00000, 0x00000000fcc00000, 0x00000000fcd00000|  0%| F|  |TAMS 0x00000000fcc00000, 0x00000000fcc00000| Untracked 
|  13|0x00000000fcd00000, 0x00000000fcd00000, 0x00000000fce00000|  0%| F|  |TAMS 0x00000000fcd00000, 0x00000000fcd00000| Untracked 
|  14|0x00000000fce00000, 0x00000000fce00000, 0x00000000fcf00000|  0%| F|  |TAMS 0x00000000fce00000, 0x00000000fce00000| Untracked 
|  15|0x00000000fcf00000, 0x00000000fcf00000, 0x00000000fd000000|  0%| F|  |TAMS 0x00000000fcf00000, 0x00000000fcf00000| Untracked 
|  16|0x00000000fd000000, 0x00000000fd000000, 0x00000000fd100000|  0%| F|  |TAMS 0x00000000fd000000, 0x00000000fd000000| Untracked 
|  17|0x00000000fd100000, 0x00000000fd100000, 0x00000000fd200000|  0%| F|  |TAMS 0x00000000fd100000, 0x00000000fd100000| Untracked 
|  18|0x00000000fd200000, 0x00000000fd200000, 0x00000000fd300000|  0%| F|  |TAMS 0x00000000fd200000, 0x00000000fd200000| Untracked 
|  19|0x00000000fd300000, 0x00000000fd300000, 0x00000000fd400000|  0%| F|  |TAMS 0x00000000fd300000, 0x00000000fd300000| Untracked 
|  20|0x00000000fd400000, 0x00000000fd400000, 0x00000000fd500000|  0%| F|  |TAMS 0x00000000fd400000, 0x00000000fd400000| Untracked 
|  21|0x00000000fd500000, 0x00000000fd500000, 0x00000000fd600000|  0%| F|  |TAMS 0x00000000fd500000, 0x00000000fd500000| Untracked 
|  22|0x00000000fd600000, 0x00000000fd600000, 0x00000000fd700000|  0%| F|  |TAMS 0x00000000fd600000, 0x00000000fd600000| Untracked 
|  23|0x00000000fd700000, 0x00000000fd700000, 0x00000000fd800000|  0%| F|  |TAMS 0x00000000fd700000, 0x00000000fd700000| Untracked 
|  24|0x00000000fd800000, 0x00000000fd800000, 0x00000000fd900000|  0%| F|  |TAMS 0x00000000fd800000, 0x00000000fd800000| Untracked 
|  25|0x00000000fd900000, 0x00000000fd900000, 0x00000000fda00000|  0%| F|  |TAMS 0x00000000fd900000, 0x00000000fd900000| Untracked 
|  26|0x00000000fda00000, 0x00000000fdb00000, 0x00000000fdb00000|100%| S|CS|TAMS 0x00000000fda00000, 0x00000000fda00000| Complete 
|  27|0x00000000fdb00000, 0x00000000fdc00000, 0x00000000fdc00000|100%| S|CS|TAMS 0x00000000fdb00000, 0x00000000fdb00000| Complete 
|  28|0x00000000fdc00000, 0x00000000fdd00000, 0x00000000fdd00000|100%| S|CS|TAMS 0x00000000fdc00000, 0x00000000fdc00000| Complete 
|  29|0x00000000fdd00000, 0x00000000fde00000, 0x00000000fde00000|100%| S|CS|TAMS 0x00000000fdd00000, 0x00000000fdd00000| Complete 
|  30|0x00000000fde00000, 0x00000000fdf00000, 0x00000000fdf00000|100%| S|CS|TAMS 0x00000000fde00000, 0x00000000fde00000| Complete 
|  31|0x00000000fdf00000, 0x00000000fdf00000, 0x00000000fe000000|  0%| F|  |TAMS 0x00000000fdf00000, 0x00000000fdf00000| Untracked 
|  32|0x00000000fe000000, 0x00000000fe000000, 0x00000000fe100000|  0%| F|  |TAMS 0x00000000fe000000, 0x00000000fe000000| Untracked 
|  33|0x00000000fe100000, 0x00000000fe100000, 0x00000000fe200000|  0%| F|  |TAMS 0x00000000fe100000, 0x00000000fe100000| Untracked 
|  34|0x00000000fe200000, 0x00000000fe200000, 0x00000000fe300000|  0%| F|  |TAMS 0x00000000fe200000, 0x00000000fe200000| Untracked 
|  35|0x00000000fe300000, 0x00000000fe300000, 0x00000000fe400000|  0%| F|  |TAMS 0x00000000fe300000, 0x00000000fe300000| Untracked 
|  36|0x00000000fe400000, 0x00000000fe400000, 0x00000000fe500000|  0%| F|  |TAMS 0x00000000fe400000, 0x00000000fe400000| Untracked 
|  37|0x00000000fe500000, 0x00000000fe500000, 0x00000000fe600000|  0%| F|  |TAMS 0x00000000fe500000, 0x00000000fe500000| Untracked 
|  38|0x00000000fe600000, 0x00000000fe600000, 0x00000000fe700000|  0%| F|  |TAMS 0x00000000fe600000, 0x00000000fe600000| Untracked 
|  39|0x00000000fe700000, 0x00000000fe700000, 0x00000000fe800000|  0%| F|  |TAMS 0x00000000fe700000, 0x00000000fe700000| Untracked 
|  40|0x00000000fe800000, 0x00000000fe800000, 0x00000000fe900000|  0%| F|  |TAMS 0x00000000fe800000, 0x00000000fe800000| Untracked 
|  41|0x00000000fe900000, 0x00000000fe900000, 0x00000000fea00000|  0%| F|  |TAMS 0x00000000fe900000, 0x00000000fe900000| Untracked 
|  42|0x00000000fea00000, 0x00000000fea00000, 0x00000000feb00000|  0%| F|  |TAMS 0x00000000fea00000, 0x00000000fea00000| Untracked 
|  43|0x00000000feb00000, 0x00000000feb00000, 0x00000000fec00000|  0%| F|  |TAMS 0x00000000feb00000, 0x00000000feb00000| Untracked 
|  44|0x00000000fec00000, 0x00000000fec00000, 0x00000000fed00000|  0%| F|  |TAMS 0x00000000fec00000, 0x00000000fec00000| Untracked 
|  45|0x00000000fed00000, 0x00000000fed00000, 0x00000000fee00000|  0%| F|  |TAMS 0x00000000fed00000, 0x00000000fed00000| Untracked 
|  46|0x00000000fee00000, 0x00000000fee00000, 0x00000000fef00000|  0%| F|  |TAMS 0x00000000fee00000, 0x00000000fee00000| Untracked 
|  47|0x00000000fef00000, 0x00000000fef00000, 0x00000000ff000000|  0%| F|  |TAMS 0x00000000fef00000, 0x00000000fef00000| Untracked 
|  48|0x00000000ff000000, 0x00000000ff000000, 0x00000000ff100000|  0%| F|  |TAMS 0x00000000ff000000, 0x00000000ff000000| Untracked 
|  49|0x00000000ff100000, 0x00000000ff100000, 0x00000000ff200000|  0%| F|  |TAMS 0x00000000ff100000, 0x00000000ff100000| Untracked 
|  50|0x00000000ff200000, 0x00000000ff200000, 0x00000000ff300000|  0%| F|  |TAMS 0x00000000ff200000, 0x00000000ff200000| Untracked 
|  51|0x00000000ff300000, 0x00000000ff300000, 0x00000000ff400000|  0%| F|  |TAMS 0x00000000ff300000, 0x00000000ff300000| Untracked 
|  52|0x00000000ff400000, 0x00000000ff400000, 0x00000000ff500000|  0%| F|  |TAMS 0x00000000ff400000, 0x00000000ff400000| Untracked 
|  53|0x00000000ff500000, 0x00000000ff500000, 0x00000000ff600000|  0%| F|  |TAMS 0x00000000ff500000, 0x00000000ff500000| Untracked 
|  54|0x00000000ff600000, 0x00000000ff600000, 0x00000000ff700000|  0%| F|  |TAMS 0x00000000ff600000, 0x00000000ff600000| Untracked 
|  55|0x00000000ff700000, 0x00000000ff700000, 0x00000000ff800000|  0%| F|  |TAMS 0x00000000ff700000, 0x00000000ff700000| Untracked 
|  56|0x00000000ff800000, 0x00000000ff800000, 0x00000000ff900000|  0%| F|  |TAMS 0x00000000ff800000, 0x00000000ff800000| Untracked 
|  57|0x00000000ff900000, 0x00000000ff9da628, 0x00000000ffa00000| 85%| E|  |TAMS 0x00000000ff900000, 0x00000000ff900000| Complete 
|  58|0x00000000ffa00000, 0x00000000ffb00000, 0x00000000ffb00000|100%| E|CS|TAMS 0x00000000ffa00000, 0x00000000ffa00000| Complete 
|  59|0x00000000ffb00000, 0x00000000ffc00000, 0x00000000ffc00000|100%| E|CS|TAMS 0x00000000ffb00000, 0x00000000ffb00000| Complete 
|  60|0x00000000ffc00000, 0x00000000ffd00000, 0x00000000ffd00000|100%| E|CS|TAMS 0x00000000ffc00000, 0x00000000ffc00000| Complete 
|  61|0x00000000ffd00000, 0x00000000ffe00000, 0x00000000ffe00000|100%| E|CS|TAMS 0x00000000ffd00000, 0x00000000ffd00000| Complete 
|  62|0x00000000ffe00000, 0x00000000fff00000, 0x00000000fff00000|100%| E|CS|TAMS 0x00000000ffe00000, 0x00000000ffe00000| Complete 
|  63|0x00000000fff00000, 0x0000000100000000, 0x0000000100000000|100%| E|CS|TAMS 0x00000000fff00000, 0x00000000fff00000| Complete 

Card table byte_map: [0x0000027c34d30000,0x0000027c34d50000] _byte_map_base: 0x0000027c34550000

Marking Bits (Prev, Next): (CMBitMap*) 0x0000027c36eb1330, (CMBitMap*) 0x0000027c36eb1370
 Prev Bits: [0x0000027c4e240000, 0x0000027c4e340000)
 Next Bits: [0x0000027c4e340000, 0x0000027c4e440000)

Polling page: 0x0000027c34ce0000

Metaspace:

Usage:
  Non-class:      8.18 MB used.
      Class:      1.23 MB used.
       Both:      9.41 MB used.

Virtual space:
  Non-class space:       64.00 MB reserved,       8.31 MB ( 13%) committed,  1 nodes.
      Class space:        1.00 GB reserved,       1.31 MB ( <1%) committed,  1 nodes.
             Both:        1.06 GB reserved,       9.62 MB ( <1%) committed. 

Chunk freelists:
   Non-Class:  7.67 MB
       Class:  14.63 MB
        Both:  22.30 MB

MaxMetaspaceSize: unlimited
CompressedClassSpaceSize: 1.00 GB
Initial GC threshold: 21.00 MB
Current GC threshold: 21.00 MB
CDS: on
MetaspaceReclaimPolicy: balanced
 - commit_granule_bytes: 65536.
 - commit_granule_words: 8192.
 - virtual_space_node_default_size: 8388608.
 - enlarge_chunks_in_place: 1.
 - new_chunks_are_fully_committed: 0.
 - uncommit_free_chunks: 1.
 - use_allocation_guard: 0.
 - handle_deallocations: 1.


Internal statistics:

num_allocs_failed_limit: 0.
num_arena_births: 80.
num_arena_deaths: 0.
num_vsnodes_births: 2.
num_vsnodes_deaths: 0.
num_space_committed: 154.
num_space_uncommitted: 0.
num_chunks_returned_to_freelist: 0.
num_chunks_taken_from_freelist: 344.
num_chunk_merges: 0.
num_chunk_splits: 230.
num_chunks_enlarged: 184.
num_inconsistent_stats: 0.

CodeHeap 'non-profiled nmethods': size=119168Kb used=1347Kb max_used=1347Kb free=117820Kb
 bounds [0x0000027c46560000, 0x0000027c467d0000, 0x0000027c4d9c0000]
CodeHeap 'profiled nmethods': size=119104Kb used=3794Kb max_used=3794Kb free=115309Kb
 bounds [0x0000027c3e9c0000, 0x0000027c3ed80000, 0x0000027c45e10000]
CodeHeap 'non-nmethods': size=7488Kb used=2305Kb max_used=2886Kb free=5182Kb
 bounds [0x0000027c45e10000, 0x0000027c460f0000, 0x0000027c46560000]
 total_blobs=2484 nmethods=2012 adapters=381
 compilation: enabled
              stopped_count=0, restarted_count=0
 full_count=0

Compilation events (20 events):
Event: 36.426 Thread 0x0000027c51367090 1983       4       org.gradle.internal.logging.console.DefaultRedrawableLabel::newLineAdjustment (14 bytes)
Event: 36.426 Thread 0x0000027c51369780 1984       3       java.nio.CharBuffer::<init> (24 bytes)
Event: 36.426 Thread 0x0000027c51369780 nmethod 1984 0x0000027c3ed64c90 code [0x0000027c3ed64e40, 0x0000027c3ed64fe8]
Event: 36.426 Thread 0x0000027c51367090 nmethod 1983 0x0000027c46623810 code [0x0000027c46623980, 0x0000027c46623a18]
Event: 36.432 Thread 0x0000027c51369780 1985       3       java.nio.CharBuffer::limit (6 bytes)
Event: 36.432 Thread 0x0000027c51369780 nmethod 1985 0x0000027c3ed65090 code [0x0000027c3ed65240, 0x0000027c3ed653e8]
Event: 36.432 Thread 0x0000027c51369780 1986       3       java.nio.CharBuffer::limit (8 bytes)
Event: 36.432 Thread 0x0000027c51369780 nmethod 1986 0x0000027c3ed65490 code [0x0000027c3ed65620, 0x0000027c3ed65768]
Event: 36.443 Thread 0x0000027c51369780 1987       3       java.nio.HeapCharBuffer::<init> (23 bytes)
Event: 36.444 Thread 0x0000027c51369780 nmethod 1987 0x0000027c3ed65810 code [0x0000027c3ed659c0, 0x0000027c3ed65b48]
Event: 36.557 Thread 0x0000027c51369780 1988       3       org.gradle.internal.logging.console.MultiLineBuildProgressArea::newLineAdjustment (50 bytes)
Event: 36.557 Thread 0x0000027c51369780 nmethod 1988 0x0000027c3ed65c10 code [0x0000027c3ed65e00, 0x0000027c3ed66388]
Event: 36.558 Thread 0x0000027c51369780 1989       3       java.lang.System::checkKey (34 bytes)
Event: 36.558 Thread 0x0000027c51369780 nmethod 1989 0x0000027c3ed66590 code [0x0000027c3ed66760, 0x0000027c3ed66b18]
Event: 36.559 Thread 0x0000027c51369780 1990       3       java.lang.System::getProperty (25 bytes)
Event: 36.559 Thread 0x0000027c51369780 nmethod 1990 0x0000027c3ed66c90 code [0x0000027c3ed66ea0, 0x0000027c3ed67598]
Event: 38.896 Thread 0x0000027c51369780 1991       3       org.gradle.internal.logging.sink.GroupingProgressLogEventGenerator$OperationGroup::shouldPrintHeader (37 bytes)
Event: 38.896 Thread 0x0000027c51369780 nmethod 1991 0x0000027c3ed67810 code [0x0000027c3ed679c0, 0x0000027c3ed67ce8]
Event: 39.688 Thread 0x0000027c51369780 1994   !   3       java.util.concurrent.ScheduledThreadPoolExecutor$DelayedWorkQueue::take (203 bytes)
Event: 41.494 Thread 0x0000027c51367090 2012       4       org.gradle.util.internal.GUtil::isTrue (56 bytes)

GC Heap History (4 events):
Event: 0.768 GC heap before
{Heap before GC invocations=0 (full 0):
 garbage-first heap   total 65536K, used 22528K [0x00000000fc000000, 0x0000000100000000)
  region size 1024K, 23 young (23552K), 0 survivors (0K)
 Metaspace       used 1844K, committed 1984K, reserved 1114112K
  class space    used 162K, committed 192K, reserved 1048576K
}
Event: 0.773 GC heap after
{Heap after GC invocations=1 (full 0):
 garbage-first heap   total 65536K, used 2464K [0x00000000fc000000, 0x0000000100000000)
  region size 1024K, 3 young (3072K), 3 survivors (3072K)
 Metaspace       used 1844K, committed 1984K, reserved 1114112K
  class space    used 162K, committed 192K, reserved 1048576K
}
Event: 2.007 GC heap before
{Heap before GC invocations=1 (full 0):
 garbage-first heap   total 65536K, used 35232K [0x00000000fc000000, 0x0000000100000000)
  region size 1024K, 33 young (33792K), 3 survivors (3072K)
 Metaspace       used 7863K, committed 8064K, reserved 1114112K
  class space    used 1071K, committed 1216K, reserved 1048576K
}
Event: 2.013 GC heap after
{Heap after GC invocations=2 (full 0):
 garbage-first heap   total 65536K, used 11141K [0x00000000fc000000, 0x0000000100000000)
  region size 1024K, 5 young (5120K), 5 survivors (5120K)
 Metaspace       used 7863K, committed 8064K, reserved 1114112K
  class space    used 1071K, committed 1216K, reserved 1048576K
}

Dll operation events (13 events):
Event: 0.019 Loaded shared library C:\Program Files\Microsoft\jdk-17.0.13.11-hotspot\bin\java.dll
Event: 0.047 Loaded shared library C:\Program Files\Microsoft\jdk-17.0.13.11-hotspot\bin\jsvml.dll
Event: 0.086 Loaded shared library C:\Program Files\Microsoft\jdk-17.0.13.11-hotspot\bin\net.dll
Event: 0.089 Loaded shared library C:\Program Files\Microsoft\jdk-17.0.13.11-hotspot\bin\nio.dll
Event: 0.095 Loaded shared library C:\Program Files\Microsoft\jdk-17.0.13.11-hotspot\bin\zip.dll
Event: 0.099 Loaded shared library C:\Program Files\Microsoft\jdk-17.0.13.11-hotspot\bin\verify.dll
Event: 0.653 Loaded shared library C:\Program Files\Microsoft\jdk-17.0.13.11-hotspot\bin\jimage.dll
Event: 1.220 Loaded shared library C:\Program Files\Microsoft\jdk-17.0.13.11-hotspot\bin\management.dll
Event: 1.223 Loaded shared library C:\Program Files\Microsoft\jdk-17.0.13.11-hotspot\bin\management_ext.dll
Event: 1.294 Loaded shared library C:\Users\saran\.gradle\native\1def1411415f61bf3af743bc5b6707747c0891f09f0c88961ee8f79bc544acac\windows-amd64\native-platform.dll
Event: 1.362 Loaded shared library C:\Users\saran\.gradle\native\jansi\1.18\windows64\jansi.dll
Event: 1.748 Loaded shared library C:\Program Files\Microsoft\jdk-17.0.13.11-hotspot\bin\extnet.dll
Event: 2.064 Loaded shared library C:\Program Files\Microsoft\jdk-17.0.13.11-hotspot\bin\sunmscapi.dll

Deoptimization events (20 events):
Event: 8.065 Thread 0x0000027c36e8d130 Uncommon trap: trap_request=0xffffff45 fr.pc=0x0000027c46581de4 relative=0x00000000000003c4
Event: 8.065 Thread 0x0000027c36e8d130 Uncommon trap: reason=unstable_if action=reinterpret pc=0x0000027c46581de4 method=java.lang.StringUTF16.compress([CII)[B @ 13 c2
Event: 8.065 Thread 0x0000027c36e8d130 DEOPT PACKING pc=0x0000027c46581de4 sp=0x000000a0ecafcbd0
Event: 8.065 Thread 0x0000027c36e8d130 DEOPT UNPACKING pc=0x0000027c45e669a3 sp=0x000000a0ecafcb10 mode 2
Event: 8.191 Thread 0x0000027c97d74800 Uncommon trap: trap_request=0xffffff45 fr.pc=0x0000027c4657edd4 relative=0x00000000000001b4
Event: 8.191 Thread 0x0000027c97d74800 Uncommon trap: reason=unstable_if action=reinterpret pc=0x0000027c4657edd4 method=java.lang.String.indexOf(II)I @ 4 c2
Event: 8.191 Thread 0x0000027c97d74800 DEOPT PACKING pc=0x0000027c4657edd4 sp=0x000000a0ee5fe660
Event: 8.191 Thread 0x0000027c97d74800 DEOPT UNPACKING pc=0x0000027c45e669a3 sp=0x000000a0ee5fe600 mode 2
Event: 8.192 Thread 0x0000027c97d74800 Uncommon trap: trap_request=0xffffff45 fr.pc=0x0000027c465b6120 relative=0x00000000000004e0
Event: 8.192 Thread 0x0000027c97d74800 Uncommon trap: reason=unstable_if action=reinterpret pc=0x0000027c465b6120 method=java.lang.AbstractStringBuilder.putStringAt(ILjava/lang/String;II)V @ 8 c2
Event: 8.192 Thread 0x0000027c97d74800 DEOPT PACKING pc=0x0000027c465b6120 sp=0x000000a0ee5fe400
Event: 8.192 Thread 0x0000027c97d74800 DEOPT UNPACKING pc=0x0000027c45e669a3 sp=0x000000a0ee5fe2e0 mode 2
Event: 8.192 Thread 0x0000027c97d74800 Uncommon trap: trap_request=0xffffff45 fr.pc=0x0000027c465fc9f4 relative=0x00000000000003d4
Event: 8.192 Thread 0x0000027c97d74800 Uncommon trap: reason=unstable_if action=reinterpret pc=0x0000027c465fc9f4 method=java.lang.AbstractStringBuilder.isLatin1()Z @ 10 c2
Event: 8.192 Thread 0x0000027c97d74800 DEOPT PACKING pc=0x0000027c465fc9f4 sp=0x000000a0ee5fe800
Event: 8.192 Thread 0x0000027c97d74800 DEOPT UNPACKING pc=0x0000027c45e669a3 sp=0x000000a0ee5fe780 mode 2
Event: 8.192 Thread 0x0000027c97d74800 Uncommon trap: trap_request=0xffffff45 fr.pc=0x0000027c4657dd7c relative=0x000000000000025c
Event: 8.192 Thread 0x0000027c97d74800 Uncommon trap: reason=unstable_if action=reinterpret pc=0x0000027c4657dd7c method=java.lang.String.getChars(II[CI)V @ 23 c2
Event: 8.192 Thread 0x0000027c97d74800 DEOPT PACKING pc=0x0000027c4657dd7c sp=0x000000a0ee5fe6b0
Event: 8.192 Thread 0x0000027c97d74800 DEOPT UNPACKING pc=0x0000027c45e669a3 sp=0x000000a0ee5fe670 mode 2

Classes loaded (20 events):
Event: 8.079 Loading class jdk/internal/logger/LazyLoggers$LazyLoggerFactories
Event: 8.079 Loading class jdk/internal/logger/LazyLoggers$LazyLoggerFactories done
Event: 8.080 Loading class jdk/internal/logger/LoggerFinderLoader
Event: 8.081 Loading class jdk/internal/logger/LoggerFinderLoader done
Event: 8.081 Loading class jdk/internal/logger/LoggerFinderLoader$TemporaryLoggerFinder
Event: 8.081 Loading class jdk/internal/logger/LoggerFinderLoader$TemporaryLoggerFinder done
Event: 8.082 Loading class sun/util/logging/internal/LoggingProviderImpl$JULWrapper
Event: 8.083 Loading class sun/util/logging/PlatformLogger$ConfigurableBridge$LoggerConfiguration
Event: 8.083 Loading class sun/util/logging/PlatformLogger$ConfigurableBridge$LoggerConfiguration done
Event: 8.083 Loading class sun/util/logging/internal/LoggingProviderImpl$JULWrapper done
Event: 8.083 Loading class java/io/ObjectInputFilter
Event: 8.084 Loading class java/io/ObjectInputFilter done
Event: 8.085 Loading class java/io/ObjectInputFilter$Config$BuiltinFilterFactory
Event: 8.085 Loading class java/io/ObjectInputFilter$Config$BuiltinFilterFactory done
Event: 8.085 Loading class jdk/internal/access/JavaObjectInputFilterAccess
Event: 8.085 Loading class jdk/internal/access/JavaObjectInputFilterAccess done
Event: 8.086 Loading class java/lang/System$Logger$Level
Event: 8.087 Loading class java/lang/System$Logger$Level done
Event: 8.087 Loading class java/io/Bits
Event: 8.087 Loading class java/io/Bits done

Classes unloaded (0 events):
No events

Classes redefined (0 events):
No events

Internal exceptions (20 events):
Event: 1.219 Thread 0x0000027c36e8d130 Exception <a 'java/lang/NoSuchMethodError'{0x00000000ff24d508}: 'java.lang.Object java.lang.invoke.DirectMethodHandle$Holder.invokeStaticInit(java.lang.Object)'> (0x00000000ff24d508) 
thrown [s\src\hotspot\share\interpreter\linkResolver.cpp, line 759]
Event: 1.232 Thread 0x0000027c36e8d130 Exception <a 'java/lang/NoSuchMethodError'{0x00000000ff2681f8}: 'int java.lang.invoke.DirectMethodHandle$Holder.invokeSpecial(java.lang.Object, java.lang.Object, java.lang.Object)'> (0x00000000ff2681f8) 
thrown [s\src\hotspot\share\interpreter\linkResolver.cpp, line 759]
Event: 1.245 Thread 0x0000027c36e8d130 Exception <a 'java/lang/NoSuchMethodError'{0x00000000ff2a5650}: 'void java.lang.invoke.DirectMethodHandle$Holder.invokeStatic(java.lang.Object, java.lang.Object)'> (0x00000000ff2a5650) 
thrown [s\src\hotspot\share\interpreter\linkResolver.cpp, line 759]
Event: 1.247 Thread 0x0000027c36e8d130 Implicit null exception at 0x0000027c465c7b0f to 0x0000027c465c8050
Event: 1.247 Thread 0x0000027c36e8d130 Implicit null exception at 0x0000027c465ad58f to 0x0000027c465adad0
Event: 1.247 Thread 0x0000027c36e8d130 Implicit null exception at 0x0000027c46592a8f to 0x0000027c46592b09
Event: 1.266 Thread 0x0000027c36e8d130 Exception <a 'java/lang/NoClassDefFoundError'{0x00000000ff124a38}: org/slf4j/impl/StaticMarkerBinder> (0x00000000ff124a38) 
thrown [s\src\hotspot\share\classfile\systemDictionary.cpp, line 245]
Event: 1.307 Thread 0x0000027c36e8d130 Exception <a 'java/lang/NoSuchMethodError'{0x00000000ff04f2d0}: 'java.lang.Object java.lang.invoke.Invokers$Holder.invoker(java.lang.Object, java.lang.Object, java.lang.Object)'> (0x00000000ff04f2d0) 
thrown [s\src\hotspot\share\interpreter\linkResolver.cpp, line 759]
Event: 1.309 Thread 0x0000027c36e8d130 Exception <a 'java/lang/NoSuchMethodError'{0x00000000ff058428}: 'java.lang.Object java.lang.invoke.DirectMethodHandle$Holder.invokeStatic(java.lang.Object, java.lang.Object, int)'> (0x00000000ff058428) 
thrown [s\src\hotspot\share\interpreter\linkResolver.cpp, line 759]
Event: 1.311 Thread 0x0000027c36e8d130 Exception <a 'java/lang/NoSuchMethodError'{0x00000000ff064118}: 'void java.lang.invoke.DelegatingMethodHandle$Holder.delegate(java.lang.Object, java.lang.Object, int, java.lang.Object)'> (0x00000000ff064118) 
thrown [s\src\hotspot\share\interpreter\linkResolver.cpp, line 759]
Event: 1.315 Thread 0x0000027c36e8d130 Exception <a 'java/lang/NoSuchMethodError'{0x00000000ff077760}: 'java.lang.Object java.lang.invoke.Invokers$Holder.invokeExact_MT(java.lang.Object, java.lang.Object, java.lang.Object, java.lang.Object)'> (0x00000000ff077760) 
thrown [s\src\hotspot\share\interpreter\linkResolver.cpp, line 759]
Event: 1.326 Thread 0x0000027c36e8d130 Exception <a 'java/lang/NoSuchMethodError'{0x00000000ff0a26e8}: 'java.lang.Object java.lang.invoke.DirectMethodHandle$Holder.invokeVirtual(java.lang.Object, java.lang.Object, java.lang.Object)'> (0x00000000ff0a26e8) 
thrown [s\src\hotspot\share\interpreter\linkResolver.cpp, line 759]
Event: 1.463 Thread 0x0000027c36e8d130 Exception <a 'java/lang/NoSuchMethodError'{0x00000000fece9170}: 'java.lang.Object java.lang.invoke.DirectMethodHandle$Holder.newInvokeSpecial(java.lang.Object, java.lang.Object, java.lang.Object, java.lang.Object, java.lang.Object)'> (0x00000000fece9170) 
thrown [s\src\hotspot\share\interpreter\linkResolver.cpp, line 759]
Event: 1.502 Thread 0x0000027c36e8d130 Exception <a 'java/lang/NoSuchMethodError'{0x00000000fea406d0}: 'void java.lang.invoke.DirectMethodHandle$Holder.invokeSpecial(java.lang.Object, java.lang.Object, java.lang.Object)'> (0x00000000fea406d0) 
thrown [s\src\hotspot\share\interpreter\linkResolver.cpp, line 759]
Event: 1.751 Thread 0x0000027c36e8d130 Exception <a 'java/lang/NoSuchMethodError'{0x00000000fe5abd10}: 'void java.lang.invoke.DirectMethodHandle$Holder.invokeStatic(java.lang.Object, java.lang.Object, java.lang.Object)'> (0x00000000fe5abd10) 
thrown [s\src\hotspot\share\interpreter\linkResolver.cpp, line 759]
Event: 1.837 Thread 0x0000027c36e8d130 Exception <a 'java/lang/NoSuchMethodError'{0x00000000fe23d870}: 'java.lang.Object java.lang.invoke.DirectMethodHandle$Holder.newInvokeSpecial(java.lang.Object, java.lang.Object, java.lang.Object, java.lang.Object, java.lang.Object, java.lang.Object, java.lang.Object, java.lang.Object, java.lang.Object, java.lang.Object, java.lang.Object, java.lang.Object, java.lang.Object, java.lang.Object, java.lang.Object, java.lang.Object, java.lang.Object, java.lang.Object, java.lang.Object, java.lang.Object, java.lang
Event: 1.840 Thread 0x0000027c36e8d130 Exception <a 'java/lang/NoSuchMethodError'{0x00000000fe249e78}: 'java.lang.Object java.lang.invoke.Invokers$Holder.linkToTargetMethod(java.lang.Object, java.lang.Object, java.lang.Object, java.lang.Object, java.lang.Object, java.lang.Object, java.lang.Object, java.lang.Object, java.lang.Object, java.lang.Object, java.lang.Object, java.lang.Object, java.lang.Object, java.lang.Object, java.lang.Object, java.lang.Object, java.lang.Object, java.lang.Object, java.lang.Object, java.lang.Object, java.lang.Object,
Event: 1.904 Thread 0x0000027c36e8d130 Exception <a 'java/lang/NoSuchMethodError'{0x00000000fe0a7de0}: 'java.lang.Object java.lang.invoke.DirectMethodHandle$Holder.invokeStaticInit(java.lang.Object, int, int, int, int)'> (0x00000000fe0a7de0) 
thrown [s\src\hotspot\share\interpreter\linkResolver.cpp, line 759]
Event: 1.981 Thread 0x0000027c36e8d130 Exception <a 'java/lang/NoSuchMethodError'{0x00000000fdf92c00}: 'java.lang.Object java.lang.invoke.DirectMethodHandle$Holder.invokeStaticInit(java.lang.Object, java.lang.Object, int, int, int, int)'> (0x00000000fdf92c00) 
thrown [s\src\hotspot\share\interpreter\linkResolver.cpp, line 759]
Event: 2.030 Thread 0x0000027c36e8d130 Implicit null exception at 0x0000027c465ae572 to 0x0000027c465aeb48

VM Operations (20 events):
Event: 18.653 Executing VM operation: Cleanup
Event: 18.653 Executing VM operation: Cleanup done
Event: 19.666 Executing VM operation: Cleanup
Event: 19.666 Executing VM operation: Cleanup done
Event: 22.686 Executing VM operation: Cleanup
Event: 22.686 Executing VM operation: Cleanup done
Event: 23.699 Executing VM operation: Cleanup
Event: 23.699 Executing VM operation: Cleanup done
Event: 25.719 Executing VM operation: Cleanup
Event: 25.720 Executing VM operation: Cleanup done
Event: 26.727 Executing VM operation: Cleanup
Event: 26.727 Executing VM operation: Cleanup done
Event: 27.732 Executing VM operation: Cleanup
Event: 27.732 Executing VM operation: Cleanup done
Event: 28.733 Executing VM operation: Cleanup
Event: 28.733 Executing VM operation: Cleanup done
Event: 29.739 Executing VM operation: Cleanup
Event: 29.739 Executing VM operation: Cleanup done
Event: 36.776 Executing VM operation: Cleanup
Event: 36.776 Executing VM operation: Cleanup done

Memory protections (0 events):
No events

Nmethod flushes (0 events):
No events

Events (20 events):
Event: 0.079 Thread 0x0000027c36e8d130 Thread added: 0x0000027c5151f390
Event: 0.081 Thread 0x0000027c36e8d130 Thread added: 0x0000027c51525100
Event: 0.270 Thread 0x0000027c51367090 Thread added: 0x0000027c5178de60
Event: 0.655 Thread 0x0000027c51369780 Thread added: 0x0000027c517ac840
Event: 1.178 Thread 0x0000027c51446100 Thread added: 0x0000027c97bf5fd0
Event: 1.178 Thread 0x0000027c51446100 Thread added: 0x0000027c977435e0
Event: 1.387 Thread 0x0000027c36e8d130 Thread added: 0x0000027c97d74800
Event: 1.639 Thread 0x0000027c517ac840 Thread exited: 0x0000027c517ac840
Event: 1.763 Thread 0x0000027c5178de60 Thread exited: 0x0000027c5178de60
Event: 2.073 Thread 0x0000027c51369780 Thread added: 0x0000027c98010b50
Event: 2.209 Thread 0x0000027c98010b50 Thread exited: 0x0000027c98010b50
Event: 4.602 Thread 0x0000027c977435e0 Thread exited: 0x0000027c977435e0
Event: 7.490 Thread 0x0000027c97bf5fd0 Thread exited: 0x0000027c97bf5fd0
Event: 7.490 Thread 0x0000027c51446100 Thread exited: 0x0000027c51446100
Event: 13.031 Thread 0x0000027c51369780 Thread added: 0x0000027c970b1d60
Event: 13.031 Thread 0x0000027c51369780 Thread added: 0x0000027c970b2280
Event: 13.031 Thread 0x0000027c51369780 Thread added: 0x0000027c970b27a0
Event: 15.409 Thread 0x0000027c970b27a0 Thread exited: 0x0000027c970b27a0
Event: 16.791 Thread 0x0000027c970b2280 Thread exited: 0x0000027c970b2280
Event: 21.098 Thread 0x0000027c970b1d60 Thread exited: 0x0000027c970b1d60


Dynamic libraries:
0x00007ff7ea530000 - 0x00007ff7ea53e000 	C:\Program Files\Microsoft\jdk-17.0.13.11-hotspot\bin\java.exe
0x00007ffce25c0000 - 0x00007ffce2826000 	C:\WINDOWS\SYSTEM32\ntdll.dll
0x00007ffce1850000 - 0x00007ffce1919000 	C:\WINDOWS\System32\KERNEL32.DLL
0x00007ffcdffb0000 - 0x00007ffce037c000 	C:\WINDOWS\System32\KERNELBASE.dll
0x00007ffcdfaf0000 - 0x00007ffcdfc3b000 	C:\WINDOWS\System32\ucrtbase.dll
0x00007ffca01b0000 - 0x00007ffca01cd000 	C:\Program Files\Microsoft\jdk-17.0.13.11-hotspot\bin\VCRUNTIME140.dll
0x00007ffca01d0000 - 0x00007ffca01e7000 	C:\Program Files\Microsoft\jdk-17.0.13.11-hotspot\bin\jli.dll
0x00007ffce0420000 - 0x00007ffce05ea000 	C:\WINDOWS\System32\USER32.dll
0x00007ffcdf750000 - 0x00007ffcdf777000 	C:\WINDOWS\System32\win32u.dll
0x00007ffcc0fd0000 - 0x00007ffcc126a000 	C:\WINDOWS\WinSxS\amd64_microsoft.windows.common-controls_6595b64144ccf1df_6.0.26100.3912_none_3e07963ce335137e\COMCTL32.dll
0x00007ffce12f0000 - 0x00007ffce131b000 	C:\WINDOWS\System32\GDI32.dll
0x00007ffce21f0000 - 0x00007ffce2299000 	C:\WINDOWS\System32\msvcrt.dll
0x00007ffcdf9b0000 - 0x00007ffcdfae2000 	C:\WINDOWS\System32\gdi32full.dll
0x00007ffcdf900000 - 0x00007ffcdf9a3000 	C:\WINDOWS\System32\msvcp_win.dll
0x00007ffce0380000 - 0x00007ffce03b0000 	C:\WINDOWS\System32\IMM32.DLL
0x00007ffcbec90000 - 0x00007ffcbec9c000 	C:\Program Files\Microsoft\jdk-17.0.13.11-hotspot\bin\vcruntime140_1.dll
0x00007ffc8add0000 - 0x00007ffc8ae5d000 	C:\Program Files\Microsoft\jdk-17.0.13.11-hotspot\bin\msvcp140.dll
0x00007ffc35d20000 - 0x00007ffc36991000 	C:\Program Files\Microsoft\jdk-17.0.13.11-hotspot\bin\server\jvm.dll
0x00007ffce1230000 - 0x00007ffce12e2000 	C:\WINDOWS\System32\ADVAPI32.dll
0x00007ffce0f00000 - 0x00007ffce0fa6000 	C:\WINDOWS\System32\sechost.dll
0x00007ffce2050000 - 0x00007ffce2166000 	C:\WINDOWS\System32\RPCRT4.dll
0x00007ffce1120000 - 0x00007ffce1194000 	C:\WINDOWS\System32\WS2_32.dll
0x00007ffcde380000 - 0x00007ffcde3de000 	C:\WINDOWS\SYSTEM32\POWRPROF.dll
0x00007ffcd0980000 - 0x00007ffcd098b000 	C:\WINDOWS\SYSTEM32\VERSION.dll
0x00007ffcc6c80000 - 0x00007ffcc6cb6000 	C:\WINDOWS\SYSTEM32\WINMM.dll
0x00007ffcde360000 - 0x00007ffcde374000 	C:\WINDOWS\SYSTEM32\UMPDC.dll
0x00007ffcde630000 - 0x00007ffcde64a000 	C:\WINDOWS\SYSTEM32\kernel.appcore.dll
0x00007ffcbdee0000 - 0x00007ffcbdeea000 	C:\Program Files\Microsoft\jdk-17.0.13.11-hotspot\bin\jimage.dll
0x00007ffcdcf70000 - 0x00007ffcdd1b1000 	C:\WINDOWS\SYSTEM32\DBGHELP.DLL
0x00007ffce0a80000 - 0x00007ffce0e04000 	C:\WINDOWS\System32\combase.dll
0x00007ffce0e10000 - 0x00007ffce0ef0000 	C:\WINDOWS\System32\OLEAUT32.dll
0x00007ffcb6b00000 - 0x00007ffcb6b39000 	C:\WINDOWS\SYSTEM32\dbgcore.DLL
0x00007ffcdff10000 - 0x00007ffcdffa9000 	C:\WINDOWS\System32\bcryptPrimitives.dll
0x00007ffc9fd90000 - 0x00007ffc9fdb5000 	C:\Program Files\Microsoft\jdk-17.0.13.11-hotspot\bin\java.dll
0x00007ffc65230000 - 0x00007ffc65307000 	C:\Program Files\Microsoft\jdk-17.0.13.11-hotspot\bin\jsvml.dll
0x00007ffce1920000 - 0x00007ffce204d000 	C:\WINDOWS\System32\SHELL32.dll
0x00007ffcdfd90000 - 0x00007ffcdff04000 	C:\WINDOWS\System32\wintypes.dll
0x00007ffcdd3b0000 - 0x00007ffcddc06000 	C:\WINDOWS\SYSTEM32\windows.storage.dll
0x00007ffce22a0000 - 0x00007ffce238f000 	C:\WINDOWS\System32\SHCORE.dll
0x00007ffce2170000 - 0x00007ffce21d9000 	C:\WINDOWS\System32\shlwapi.dll
0x00007ffcdf660000 - 0x00007ffcdf68f000 	C:\WINDOWS\SYSTEM32\profapi.dll
0x00007ffc9fd70000 - 0x00007ffc9fd8a000 	C:\Program Files\Microsoft\jdk-17.0.13.11-hotspot\bin\net.dll
0x00007ffcd0780000 - 0x00007ffcd089e000 	C:\WINDOWS\SYSTEM32\WINHTTP.dll
0x00007ffcdeba0000 - 0x00007ffcdec0a000 	C:\WINDOWS\system32\mswsock.dll
0x00007ffc9fd00000 - 0x00007ffc9fd16000 	C:\Program Files\Microsoft\jdk-17.0.13.11-hotspot\bin\nio.dll
0x00007ffc9f980000 - 0x00007ffc9f998000 	C:\Program Files\Microsoft\jdk-17.0.13.11-hotspot\bin\zip.dll
0x00007ffcbdec0000 - 0x00007ffcbded0000 	C:\Program Files\Microsoft\jdk-17.0.13.11-hotspot\bin\verify.dll
0x00007ffcb6c10000 - 0x00007ffcb6c1a000 	C:\Program Files\Microsoft\jdk-17.0.13.11-hotspot\bin\management.dll
0x00007ffca6240000 - 0x00007ffca624b000 	C:\Program Files\Microsoft\jdk-17.0.13.11-hotspot\bin\management_ext.dll
0x00007ffce1320000 - 0x00007ffce1328000 	C:\WINDOWS\System32\PSAPI.DLL
0x00007ffcc1750000 - 0x00007ffcc1777000 	C:\Users\saran\.gradle\native\1def1411415f61bf3af743bc5b6707747c0891f09f0c88961ee8f79bc544acac\windows-amd64\native-platform.dll
0x00007ffc9f970000 - 0x00007ffc9f97a000 	C:\Users\saran\.gradle\native\jansi\1.18\windows64\jansi.dll
0x00007ffcde050000 - 0x00007ffcde083000 	C:\WINDOWS\SYSTEM32\IPHLPAPI.DLL
0x00007ffce21e0000 - 0x00007ffce21ea000 	C:\WINDOWS\System32\NSI.dll
0x00007ffcd46f0000 - 0x00007ffcd470f000 	C:\WINDOWS\SYSTEM32\dhcpcsvc6.DLL
0x00007ffcd4630000 - 0x00007ffcd4655000 	C:\WINDOWS\SYSTEM32\dhcpcsvc.DLL
0x00007ffcde090000 - 0x00007ffcde1b7000 	C:\WINDOWS\SYSTEM32\DNSAPI.dll
0x00007ffca3c80000 - 0x00007ffca3c89000 	C:\Program Files\Microsoft\jdk-17.0.13.11-hotspot\bin\extnet.dll
0x00007ffcdee40000 - 0x00007ffcdee5c000 	C:\WINDOWS\SYSTEM32\CRYPTSP.dll
0x00007ffcde590000 - 0x00007ffcde5ca000 	C:\WINDOWS\system32\rsaenh.dll
0x00007ffcdec40000 - 0x00007ffcdec6b000 	C:\WINDOWS\SYSTEM32\USERENV.dll
0x00007ffcdf630000 - 0x00007ffcdf656000 	C:\WINDOWS\SYSTEM32\bcrypt.dll
0x00007ffcdee60000 - 0x00007ffcdee6c000 	C:\WINDOWS\SYSTEM32\CRYPTBASE.dll
0x00007ffcc2470000 - 0x00007ffcc247e000 	C:\Program Files\Microsoft\jdk-17.0.13.11-hotspot\bin\sunmscapi.dll
0x00007ffcdf780000 - 0x00007ffcdf8f7000 	C:\WINDOWS\System32\CRYPT32.dll
0x00007ffcdf050000 - 0x00007ffcdf080000 	C:\WINDOWS\SYSTEM32\ncrypt.dll
0x00007ffcdf000000 - 0x00007ffcdf03f000 	C:\WINDOWS\SYSTEM32\NTASN1.dll
0x00007ffccc810000 - 0x00007ffccc818000 	C:\WINDOWS\system32\wshunix.dll

dbghelp: loaded successfully - version: 4.0.5 - missing functions: none
symbol engine: initialized successfully - sym options: 0x614 - pdb path: .;C:\Program Files\Microsoft\jdk-17.0.13.11-hotspot\bin;C:\WINDOWS\SYSTEM32;C:\WINDOWS\WinSxS\amd64_microsoft.windows.common-controls_6595b64144ccf1df_6.0.26100.3912_none_3e07963ce335137e;C:\Program Files\Microsoft\jdk-17.0.13.11-hotspot\bin\server;C:\Users\saran\.gradle\native\1def1411415f61bf3af743bc5b6707747c0891f09f0c88961ee8f79bc544acac\windows-amd64;C:\Users\saran\.gradle\native\jansi\1.18\windows64

VM Arguments:
jvm_args: -Xmx64m -Xms64m -Dorg.gradle.appname=gradlew 
java_command: org.gradle.wrapper.GradleWrapperMain app:installDebug -PreactNativeDevServerPort=8081
java_class_path (initial): E:\kavya agri innovation\Kavya_agri_App\android\\gradle\wrapper\gradle-wrapper.jar
Launcher Type: SUN_STANDARD

[Global flags]
     intx CICompilerCount                          = 12                                        {product} {ergonomic}
     uint ConcGCThreads                            = 3                                         {product} {ergonomic}
     uint G1ConcRefinementThreads                  = 13                                        {product} {ergonomic}
   size_t G1HeapRegionSize                         = 1048576                                   {product} {ergonomic}
    uintx GCDrainStackTargetSize                   = 64                                        {product} {ergonomic}
   size_t InitialHeapSize                          = 67108864                                  {product} {command line}
   size_t MarkStackSize                            = 4194304                                   {product} {ergonomic}
   size_t MaxHeapSize                              = 67108864                                  {product} {command line}
   size_t MaxNewSize                               = 39845888                                  {product} {ergonomic}
   size_t MinHeapDeltaBytes                        = 1048576                                   {product} {ergonomic}
   size_t MinHeapSize                              = 67108864                                  {product} {command line}
    uintx NonNMethodCodeHeapSize                   = 7602480                                {pd product} {ergonomic}
    uintx NonProfiledCodeHeapSize                  = 122027880                              {pd product} {ergonomic}
    uintx ProfiledCodeHeapSize                     = 122027880                              {pd product} {ergonomic}
    uintx ReservedCodeCacheSize                    = 251658240                              {pd product} {ergonomic}
     bool SegmentedCodeCache                       = true                                      {product} {ergonomic}
   size_t SoftMaxHeapSize                          = 67108864                               {manageable} {ergonomic}
     bool UseCompressedClassPointers               = true                           {product lp64_product} {ergonomic}
     bool UseCompressedOops                        = true                           {product lp64_product} {ergonomic}
     bool UseG1GC                                  = true                                      {product} {ergonomic}
     bool UseLargePagesIndividualAllocation        = false                                  {pd product} {ergonomic}

Logging:
Log output configuration:
 #0: stdout all=warning uptime,level,tags
 #1: stderr all=off uptime,level,tags

Environment Variables:
CLASSPATH=E:\kavya agri innovation\Kavya_agri_App\android\\gradle\wrapper\gradle-wrapper.jar
PATH=E:\kavya agri innovation\Kavya_agri_App\node_modules\.bin;E:\kavya agri innovation\node_modules\.bin;E:\node_modules\.bin;C:\Users\saran\AppData\Roaming\npm\node_modules\npm\node_modules\@npmcli\run-script\lib\node-gyp-bin;C:\app\saran\product\23ai\dbhomeFree\bin;C:\app\saran\product\21c\dbhomeXE\bin;C:\Python313\Scripts\;C:\Python313\;C:\Program Files\Microsoft\jdk-17.0.13.11-hotspot\bin;C:\Windows\system32;C:\Windows;C:\Windows\System32\Wbem;C:\Windows\System32\WindowsPowerShell\v1.0\;C:\Windows\System32\OpenSSH\;C:\Program Files (x86)\NVIDIA Corporation\PhysX\Common;C:\Program Files\NVIDIA Corporation\NVIDIA NvDLISR;C:\WINDOWS\system32;C:\WINDOWS;C:\WINDOWS\System32\Wbem;C:\WINDOWS\System32\WindowsPowerShell\v1.0\;C:\WINDOWS\System32\OpenSSH\;C:\ProgramData\chocolatey\bin;C:\Users\saran\AppData\Local\Android\Sdk\platform-tools;C:\Program Files\Git\cmd;C:\Users\saran\AppData\Local\Android\Sdk;C:\Users\saran\AppData\Local\Android\Sdk\emulator;C:\Program Files\Go\bin;C:\Users\saran\.cargo\bin\rustc.exe;C:\Users\saran\AppData\Local\Android\Sdk\platforms;C:\Users\saran\AppData\Local\Android\Sdk\tools;C:\Users\saran\AppData\Local\Android\Sdk\ndk;C:\Users\saran\AppData\Roaming\nvm;C:\Program Files\nodejs;C:\Users\saran\.m2\repository\org\aspectj\aspectjweaver\1.8.9\apache-maven-3.9.9-bin\apache-maven-3.9.9\bin;C:\TDM-GCC-64\bin;C:\Program Files\MySQL\MySQL Shell 9.2\bin;C:\Program Files\Java\jdk-17\bin;C:\Program Files\nodejs\;C:\Program Files\Docker\Docker\resources\bin;C:\Program Files\MySQL\MySQL Shell 8.0\bin\;C:\Users\saran\.cargo\bin;C:\Users\saran\AppData\Local\Android\Sdk\tools;C:\Users\saran\AppData\Local\Programs\Python\Python311\;C:\Users\saran\AppData\Local\Programs\Python\Python313\;C:\Users\saran\.console-ninja\.bin;C:\Users\saran\AppData\Local\Microsoft\WindowsApps;C:\Users\saran\AppData\Local\Microsoft\WindowsApps;C:\Program Files\JetBrains\IntelliJ IDEA 2024.2.4\bin;;C:\Program Files\JetBrains\IntelliJ IDEA Community Edition 2024.2.4\bin;;C:\Users\sar
USERNAME=saran
LANG=en_US.UTF-8
OS=Windows_NT
PROCESSOR_IDENTIFIER=Intel64 Family 6 Model 154 Stepping 3, GenuineIntel
TMP=C:\Users\saran\AppData\Local\Temp
TEMP=C:\Users\saran\AppData\Local\Temp



Periodic native trim disabled


---------------  S Y S T E M  ---------------

OS:
 Windows 11 , 64 bit Build 26100 (10.0.26100.3912)
OS uptime: 0 days 5:40 hours
Hyper-V role detected

CPU: total 16 (initial active 16) (8 cores per cpu, 2 threads per core) family 6 model 154 stepping 3 microcode 0x42a, cx8, cmov, fxsr, ht, mmx, 3dnowpref, sse, sse2, sse3, ssse3, sse4.1, sse4.2, popcnt, lzcnt, tsc, tscinvbit, avx, avx2, aes, erms, clmul, bmi1, bmi2, adx, sha, fma, vzeroupper, clflush, clflushopt, clwb, hv
Processor Information for processor 0
  Max Mhz: 1700, Current Mhz: 1700, Mhz Limit: 1700
Processor Information for processor 1
  Max Mhz: 1700, Current Mhz: 1700, Mhz Limit: 1700
Processor Information for processor 2
  Max Mhz: 1700, Current Mhz: 1700, Mhz Limit: 1700
Processor Information for processor 3
  Max Mhz: 1700, Current Mhz: 1700, Mhz Limit: 1700
Processor Information for processor 4
  Max Mhz: 1700, Current Mhz: 1700, Mhz Limit: 1700
Processor Information for processor 5
  Max Mhz: 1700, Current Mhz: 1700, Mhz Limit: 1700
Processor Information for processor 6
  Max Mhz: 1700, Current Mhz: 1700, Mhz Limit: 1700
Processor Information for processor 7
  Max Mhz: 1700, Current Mhz: 1700, Mhz Limit: 1700
Processor Information for processor 8
  Max Mhz: 1700, Current Mhz: 1200, Mhz Limit: 1190
Processor Information for processor 9
  Max Mhz: 1700, Current Mhz: 1200, Mhz Limit: 1190
Processor Information for processor 10
  Max Mhz: 1700, Current Mhz: 1200, Mhz Limit: 1190
Processor Information for processor 11
  Max Mhz: 1700, Current Mhz: 1200, Mhz Limit: 1190
Processor Information for processor 12
  Max Mhz: 1700, Current Mhz: 1200, Mhz Limit: 1190
Processor Information for processor 13
  Max Mhz: 1700, Current Mhz: 1200, Mhz Limit: 1190
Processor Information for processor 14
  Max Mhz: 1700, Current Mhz: 1200, Mhz Limit: 1190
Processor Information for processor 15
  Max Mhz: 1700, Current Mhz: 1200, Mhz Limit: 1190

Memory: 4k page, system-wide physical 16088M (1253M free)
TotalPageFile size 25787M (AvailPageFile size 5M)
current process WorkingSet (physical memory assigned to process): 107M, peak: 115M
current process commit charge ("private bytes"): 177M, peak: 185M

vm_info: OpenJDK 64-Bit Server VM (17.0.13+11-LTS) for windows-amd64 JRE (17.0.13+11-LTS), built on Oct 11 2024 23:25:05 by "MicrosoftCorporation" with unknown MS VC++:1939

END.
